<?xml version="1.0" encoding="UTF-8" ?>
<testsuite failures="0" time="9.869" errors="1" skipped="0" tests="1" name="com.ad.producer.monitoring.MonitoringPerformanceTest">
  <properties>
[...]
</properties>
  <testcase time="9.323" classname="com.ad.producer.monitoring.MonitoringPerformanceTest" name="performanceAdvListMethodTest">
    <error message="Failed to start Grizzly HTTP server: Address already in use: bind" type="javax.ws.rs.ProcessingException">javax.ws.rs.ProcessingException: Failed to start Grizzly HTTP server: Address already in use: bind
	at org.glassfish.jersey.grizzly2.httpserver.GrizzlyHttpServerFactory.createHttpServer(GrizzlyHttpServerFactory.java:299)
	at org.glassfish.jersey.grizzly2.httpserver.GrizzlyHttpServerFactory.createHttpServer(GrizzlyHttpServerFactory.java:119)
	at com.ad.producer.server.Server.startServer(Server.java:38)
	at com.ad.producer.monitoring.MonitoringPerformanceTest.setUp(MonitoringPerformanceTest.java:49)
	at sun.reflect.NativeMethodAccessorImpl.invoke0(Native Method)
	at sun.reflect.NativeMethodAccessorImpl.invoke(NativeMethodAccessorImpl.java:57)
	at sun.reflect.DelegatingMethodAccessorImpl.invoke(DelegatingMethodAccessorImpl.java:43)
	at java.lang.reflect.Method.invoke(Method.java:606)
	at org.junit.runners.model.FrameworkMethod$1.runReflectiveCall(FrameworkMethod.java:45)
	at org.junit.internal.runners.model.ReflectiveCallable.run(ReflectiveCallable.java:15)
	at org.junit.runners.model.FrameworkMethod.invokeExplosively(FrameworkMethod.java:42)
	at org.junit.internal.runners.statements.RunBefores.evaluate(RunBefores.java:27)
	at org.springframework.test.context.junit4.statements.RunBeforeTestMethodCallbacks.evaluate(RunBeforeTestMethodCallbacks.java:74)
	at org.springframework.test.context.junit4.statements.RunAfterTestMethodCallbacks.evaluate(RunAfterTestMethodCallbacks.java:83)
	at org.springframework.test.context.junit4.statements.SpringRepeat.evaluate(SpringRepeat.java:72)
	at org.springframework.test.context.junit4.SpringJUnit4ClassRunner.runChild(SpringJUnit4ClassRunner.java:231)
	at org.springframework.test.context.junit4.SpringJUnit4ClassRunner.runChild(SpringJUnit4ClassRunner.java:88)
	at org.junit.runners.ParentRunner$3.run(ParentRunner.java:231)
	at org.junit.runners.ParentRunner$1.schedule(ParentRunner.java:60)
	at org.junit.runners.ParentRunner.runChildren(ParentRunner.java:229)
	at org.junit.runners.ParentRunner.access$000(ParentRunner.java:50)
	at org.junit.runners.ParentRunner$2.evaluate(ParentRunner.java:222)
	at org.springframework.test.context.junit4.statements.RunBeforeTestClassCallbacks.evaluate(RunBeforeTestClassCallbacks.java:61)
	at org.springframework.test.context.junit4.statements.RunAfterTestClassCallbacks.evaluate(RunAfterTestClassCallbacks.java:71)
	at org.junit.runners.ParentRunner.run(ParentRunner.java:300)
	at org.springframework.test.context.junit4.SpringJUnit4ClassRunner.run(SpringJUnit4ClassRunner.java:174)
	at org.apache.maven.surefire.junit4.JUnit4TestSet.execute(JUnit4TestSet.java:53)
	at org.apache.maven.surefire.junit4.JUnit4Provider.executeTestSet(JUnit4Provider.java:123)
	at org.apache.maven.surefire.junit4.JUnit4Provider.invoke(JUnit4Provider.java:104)
	at sun.reflect.NativeMethodAccessorImpl.invoke0(Native Method)
	at sun.reflect.NativeMethodAccessorImpl.invoke(NativeMethodAccessorImpl.java:57)
	at sun.reflect.DelegatingMethodAccessorImpl.invoke(DelegatingMethodAccessorImpl.java:43)
	at java.lang.reflect.Method.invoke(Method.java:606)
	at org.apache.maven.surefire.util.ReflectionUtils.invokeMethodWithArray(ReflectionUtils.java:164)
	at org.apache.maven.surefire.booter.ProviderFactory$ProviderProxy.invoke(ProviderFactory.java:110)
	at org.apache.maven.surefire.booter.SurefireStarter.invokeProvider(SurefireStarter.java:175)
	at org.apache.maven.surefire.booter.SurefireStarter.runSuitesInProcessWhenForked(SurefireStarter.java:107)
	at org.apache.maven.surefire.booter.ForkedBooter.main(ForkedBooter.java:68)
Caused by: java.net.BindException: Address already in use: bind
	at sun.nio.ch.Net.bind0(Native Method)
	at sun.nio.ch.Net.bind(Net.java:444)
	at sun.nio.ch.Net.bind(Net.java:436)
	at sun.nio.ch.ServerSocketChannelImpl.bind(ServerSocketChannelImpl.java:214)
	at sun.nio.ch.ServerSocketAdaptor.bind(ServerSocketAdaptor.java:74)
	at org.glassfish.grizzly.nio.transport.TCPNIOBindingHandler.bindToChannelAndAddress(TCPNIOBindingHandler.java:131)
	at org.glassfish.grizzly.nio.transport.TCPNIOBindingHandler.bind(TCPNIOBindingHandler.java:88)
	at org.glassfish.grizzly.nio.transport.TCPNIOTransport.bind(TCPNIOTransport.java:238)
	at org.glassfish.grizzly.nio.transport.TCPNIOTransport.bind(TCPNIOTransport.java:218)
	at org.glassfish.grizzly.nio.transport.TCPNIOTransport.bind(TCPNIOTransport.java:209)
	at org.glassfish.grizzly.http.server.NetworkListener.start(NetworkListener.java:714)
	at org.glassfish.grizzly.http.server.HttpServer.start(HttpServer.java:278)
	at org.glassfish.jersey.grizzly2.httpserver.GrizzlyHttpServerFactory.createHttpServer(GrizzlyHttpServerFactory.java:296)
	... 37 more
</error>
    <system-out>DEBUG [main] (SpringJUnit4ClassRunner.java:106) - SpringJUnit4ClassRunner constructor called with [class com.ad.producer.monitoring.MonitoringPerformanceTest].
DEBUG [main] (AbstractDelegatingSmartContextLoader.java:89) - Delegating to GenericXmlContextLoader to process context configuration [ContextConfigurationAttributes@18669c84 declaringClass = &apos;com.ad.producer.monitoring.MonitoringPerformanceTest&apos;, locations = &apos;{classpath:applicationContextTest.xml}&apos;, classes = &apos;{}&apos;, inheritLocations = true, initializers = &apos;{}&apos;, inheritInitializers = true, name = [null], contextLoaderClass = &apos;org.springframework.test.context.ContextLoader&apos;].
DEBUG [main] (ContextLoaderUtils.java:471) - Could not find an &apos;annotation declaring class&apos; for annotation type [org.springframework.test.context.ActiveProfiles] and class [com.ad.producer.monitoring.MonitoringPerformanceTest]
DEBUG [main] (TestContextManager.java:183) - @TestExecutionListeners is not present for class [class com.ad.producer.monitoring.MonitoringPerformanceTest]: using defaults.
DEBUG [main] (ProfileValueUtils.java:68) - Retrieved @ProfileValueSourceConfiguration [null] for test class [com.ad.producer.monitoring.MonitoringPerformanceTest]
DEBUG [main] (ProfileValueUtils.java:80) - Retrieved ProfileValueSource type [class org.springframework.test.annotation.SystemProfileValueSource] for class [com.ad.producer.monitoring.MonitoringPerformanceTest]
DEBUG [main] (ProfileValueUtils.java:68) - Retrieved @ProfileValueSourceConfiguration [null] for test class [com.ad.producer.monitoring.MonitoringPerformanceTest]
DEBUG [main] (ProfileValueUtils.java:80) - Retrieved ProfileValueSource type [class org.springframework.test.annotation.SystemProfileValueSource] for class [com.ad.producer.monitoring.MonitoringPerformanceTest]
DEBUG [main] (ProfileValueUtils.java:68) - Retrieved @ProfileValueSourceConfiguration [null] for test class [com.ad.producer.monitoring.MonitoringPerformanceTest]
DEBUG [main] (ProfileValueUtils.java:80) - Retrieved ProfileValueSource type [class org.springframework.test.annotation.SystemProfileValueSource] for class [com.ad.producer.monitoring.MonitoringPerformanceTest]
DEBUG [main] (DependencyInjectionTestExecutionListener.java:73) - Performing dependency injection for test context [[TestContext@6c7d84ce testClass = MonitoringPerformanceTest, testInstance = com.ad.producer.monitoring.MonitoringPerformanceTest@249a2807, testMethod = [null], testException = [null], mergedContextConfiguration = [MergedContextConfiguration@4b9f657 testClass = MonitoringPerformanceTest, locations = &apos;{classpath:applicationContextTest.xml}&apos;, classes = &apos;{}&apos;, contextInitializerClasses = &apos;[]&apos;, activeProfiles = &apos;{}&apos;, contextLoader = &apos;org.springframework.test.context.support.DelegatingSmartContextLoader&apos;, parent = [null]]]].
DEBUG [main] (AbstractDelegatingSmartContextLoader.java:98) - Delegating to GenericXmlContextLoader to load context from [MergedContextConfiguration@4b9f657 testClass = MonitoringPerformanceTest, locations = &apos;{classpath:applicationContextTest.xml}&apos;, classes = &apos;{}&apos;, contextInitializerClasses = &apos;[]&apos;, activeProfiles = &apos;{}&apos;, contextLoader = &apos;org.springframework.test.context.support.DelegatingSmartContextLoader&apos;, parent = [null]].
DEBUG [main] (AbstractGenericContextLoader.java:104) - Loading ApplicationContext for merged context configuration [[MergedContextConfiguration@4b9f657 testClass = MonitoringPerformanceTest, locations = &apos;{classpath:applicationContextTest.xml}&apos;, classes = &apos;{}&apos;, contextInitializerClasses = &apos;[]&apos;, activeProfiles = &apos;{}&apos;, contextLoader = &apos;org.springframework.test.context.support.DelegatingSmartContextLoader&apos;, parent = [null]]].
DEBUG [main] (AbstractEnvironment.java:127) - Initializing new StandardEnvironment
DEBUG [main] (MutablePropertySources.java:107) - Adding [systemProperties] PropertySource with lowest search precedence
DEBUG [main] (MutablePropertySources.java:107) - Adding [systemEnvironment] PropertySource with lowest search precedence
DEBUG [main] (AbstractEnvironment.java:131) - Initialized StandardEnvironment with PropertySources [systemProperties,systemEnvironment]
 INFO [main] (XmlBeanDefinitionReader.java:315) - Loading XML bean definitions from class path resource [applicationContextTest.xml]
DEBUG [main] (DefaultDocumentLoader.java:72) - Using JAXP provider [com.sun.org.apache.xerces.internal.jaxp.DocumentBuilderFactoryImpl]
DEBUG [main] (PluggableSchemaResolver.java:140) - Loading schema mappings from [META-INF/spring.schemas]
DEBUG [main] (PluggableSchemaResolver.java:146) - Loaded schema mappings: {http://www.springframework.org/schema/oxm/spring-oxm-3.0.xsd=org/springframework/oxm/config/spring-oxm-3.0.xsd, http://www.springframework.org/schema/util/spring-util.xsd=org/springframework/beans/factory/xml/spring-util-3.2.xsd, http://www.springframework.org/schema/jee/spring-jee-3.2.xsd=org/springframework/ejb/config/spring-jee-3.2.xsd, http://www.springframework.org/schema/jms/spring-jms-3.0.xsd=org/springframework/jms/config/spring-jms-3.0.xsd, http://www.springframework.org/schema/mvc/spring-mvc-3.1.xsd=org/springframework/web/servlet/config/spring-mvc-3.1.xsd, http://www.springframework.org/schema/task/spring-task.xsd=org/springframework/scheduling/config/spring-task-3.2.xsd, http://www.springframework.org/schema/beans/spring-beans-3.1.xsd=org/springframework/beans/factory/xml/spring-beans-3.1.xsd, http://www.springframework.org/schema/cache/spring-cache.xsd=org/springframework/cache/config/spring-cache-3.2.xsd, http://www.springframework.org/schema/aop/spring-aop-3.0.xsd=org/springframework/aop/config/spring-aop-3.0.xsd, http://www.springframework.org/schema/task/spring-task-3.1.xsd=org/springframework/scheduling/config/spring-task-3.1.xsd, http://www.springframework.org/schema/aop/spring-aop-2.0.xsd=org/springframework/aop/config/spring-aop-2.0.xsd, http://www.springframework.org/schema/oxm/spring-oxm.xsd=org/springframework/oxm/config/spring-oxm-3.2.xsd, http://www.springframework.org/schema/tool/spring-tool-2.5.xsd=org/springframework/beans/factory/xml/spring-tool-2.5.xsd, http://www.springframework.org/schema/beans/spring-beans.xsd=org/springframework/beans/factory/xml/spring-beans-3.2.xsd, http://www.springframework.org/schema/jee/spring-jee-2.5.xsd=org/springframework/ejb/config/spring-jee-2.5.xsd, http://www.springframework.org/schema/jdbc/spring-jdbc-3.1.xsd=org/springframework/jdbc/config/spring-jdbc-3.1.xsd, http://www.springframework.org/schema/tool/spring-tool-3.1.xsd=org/springframework/beans/factory/xml/spring-tool-3.1.xsd, http://www.springframework.org/schema/jee/spring-jee-3.1.xsd=org/springframework/ejb/config/spring-jee-3.1.xsd, http://www.springframework.org/schema/aop/spring-aop.xsd=org/springframework/aop/config/spring-aop-3.2.xsd, http://www.springframework.org/schema/tx/spring-tx-3.2.xsd=org/springframework/transaction/config/spring-tx-3.2.xsd, http://www.springframework.org/schema/context/spring-context-3.2.xsd=org/springframework/context/config/spring-context-3.2.xsd, http://www.springframework.org/schema/beans/spring-beans-2.0.xsd=org/springframework/beans/factory/xml/spring-beans-2.0.xsd, http://www.springframework.org/schema/util/spring-util-3.2.xsd=org/springframework/beans/factory/xml/spring-util-3.2.xsd, http://www.springframework.org/schema/mvc/spring-mvc-3.0.xsd=org/springframework/web/servlet/config/spring-mvc-3.0.xsd, http://www.springframework.org/schema/lang/spring-lang-3.2.xsd=org/springframework/scripting/config/spring-lang-3.2.xsd, http://www.springframework.org/schema/beans/spring-beans-3.0.xsd=org/springframework/beans/factory/xml/spring-beans-3.0.xsd, http://www.springframework.org/schema/cache/spring-cache-3.2.xsd=org/springframework/cache/config/spring-cache-3.2.xsd, http://www.springframework.org/schema/task/spring-task-3.0.xsd=org/springframework/scheduling/config/spring-task-3.0.xsd, http://www.springframework.org/schema/oxm/spring-oxm-3.2.xsd=org/springframework/oxm/config/spring-oxm-3.2.xsd, http://www.springframework.org/schema/tx/spring-tx-2.5.xsd=org/springframework/transaction/config/spring-tx-2.5.xsd, http://www.springframework.org/schema/context/spring-context-2.5.xsd=org/springframework/context/config/spring-context-2.5.xsd, http://www.springframework.org/schema/jdbc/spring-jdbc-3.0.xsd=org/springframework/jdbc/config/spring-jdbc-3.0.xsd, http://www.springframework.org/schema/jms/spring-jms-3.2.xsd=org/springframework/jms/config/spring-jms-3.2.xsd, http://www.springframework.org/schema/tool/spring-tool-3.0.xsd=org/springframework/beans/factory/xml/spring-tool-3.0.xsd, http://www.springframework.org/schema/tx/spring-tx.xsd=org/springframework/transaction/config/spring-tx-3.2.xsd, http://www.springframework.org/schema/lang/spring-lang.xsd=org/springframework/scripting/config/spring-lang-3.2.xsd, http://www.springframework.org/schema/tool/spring-tool-2.0.xsd=org/springframework/beans/factory/xml/spring-tool-2.0.xsd, http://www.springframework.org/schema/util/spring-util-2.5.xsd=org/springframework/beans/factory/xml/spring-util-2.5.xsd, http://www.springframework.org/schema/lang/spring-lang-2.5.xsd=org/springframework/scripting/config/spring-lang-2.5.xsd, http://www.springframework.org/schema/aop/spring-aop-3.2.xsd=org/springframework/aop/config/spring-aop-3.2.xsd, http://www.springframework.org/schema/jee/spring-jee-3.0.xsd=org/springframework/ejb/config/spring-jee-3.0.xsd, http://www.springframework.org/schema/tx/spring-tx-3.1.xsd=org/springframework/transaction/config/spring-tx-3.1.xsd, http://www.springframework.org/schema/jee/spring-jee-2.0.xsd=org/springframework/ejb/config/spring-jee-2.0.xsd, http://www.springframework.org/schema/context/spring-context-3.1.xsd=org/springframework/context/config/spring-context-3.1.xsd, http://www.springframework.org/schema/util/spring-util-3.1.xsd=org/springframework/beans/factory/xml/spring-util-3.1.xsd, http://www.springframework.org/schema/lang/spring-lang-3.1.xsd=org/springframework/scripting/config/spring-lang-3.1.xsd, http://www.springframework.org/schema/cache/spring-cache-3.1.xsd=org/springframework/cache/config/spring-cache-3.1.xsd, http://www.springframework.org/schema/context/spring-context.xsd=org/springframework/context/config/spring-context-3.2.xsd, http://www.springframework.org/schema/jee/spring-jee.xsd=org/springframework/ejb/config/spring-jee-3.2.xsd, http://www.springframework.org/schema/jms/spring-jms-2.5.xsd=org/springframework/jms/config/spring-jms-2.5.xsd, http://www.springframework.org/schema/oxm/spring-oxm-3.1.xsd=org/springframework/oxm/config/spring-oxm-3.1.xsd, http://www.springframework.org/schema/jms/spring-jms.xsd=org/springframework/jms/config/spring-jms-3.2.xsd, http://www.springframework.org/schema/aop/spring-aop-2.5.xsd=org/springframework/aop/config/spring-aop-2.5.xsd, http://www.springframework.org/schema/mvc/spring-mvc.xsd=org/springframework/web/servlet/config/spring-mvc-3.2.xsd, http://www.springframework.org/schema/jms/spring-jms-3.1.xsd=org/springframework/jms/config/spring-jms-3.1.xsd, http://www.springframework.org/schema/mvc/spring-mvc-3.2.xsd=org/springframework/web/servlet/config/spring-mvc-3.2.xsd, http://www.springframework.org/schema/jdbc/spring-jdbc.xsd=org/springframework/jdbc/config/spring-jdbc-3.2.xsd, http://www.springframework.org/schema/beans/spring-beans-3.2.xsd=org/springframework/beans/factory/xml/spring-beans-3.2.xsd, http://www.springframework.org/schema/tx/spring-tx-2.0.xsd=org/springframework/transaction/config/spring-tx-2.0.xsd, http://www.springframework.org/schema/aop/spring-aop-3.1.xsd=org/springframework/aop/config/spring-aop-3.1.xsd, http://www.springframework.org/schema/task/spring-task-3.2.xsd=org/springframework/scheduling/config/spring-task-3.2.xsd, http://www.springframework.org/schema/tx/spring-tx-3.0.xsd=org/springframework/transaction/config/spring-tx-3.0.xsd, http://www.springframework.org/schema/context/spring-context-3.0.xsd=org/springframework/context/config/spring-context-3.0.xsd, http://www.springframework.org/schema/tool/spring-tool.xsd=org/springframework/beans/factory/xml/spring-tool-3.2.xsd, http://www.springframework.org/schema/util/spring-util-3.0.xsd=org/springframework/beans/factory/xml/spring-util-3.0.xsd, http://www.springframework.org/schema/lang/spring-lang-3.0.xsd=org/springframework/scripting/config/spring-lang-3.0.xsd, http://www.springframework.org/schema/util/spring-util-2.0.xsd=org/springframework/beans/factory/xml/spring-util-2.0.xsd, http://www.springframework.org/schema/lang/spring-lang-2.0.xsd=org/springframework/scripting/config/spring-lang-2.0.xsd, http://www.springframework.org/schema/jdbc/spring-jdbc-3.2.xsd=org/springframework/jdbc/config/spring-jdbc-3.2.xsd, http://www.springframework.org/schema/tool/spring-tool-3.2.xsd=org/springframework/beans/factory/xml/spring-tool-3.2.xsd, http://www.springframework.org/schema/beans/spring-beans-2.5.xsd=org/springframework/beans/factory/xml/spring-beans-2.5.xsd}
DEBUG [main] (PluggableSchemaResolver.java:118) - Found XML schema [http://www.springframework.org/schema/beans/spring-beans-3.2.xsd] in classpath: org/springframework/beans/factory/xml/spring-beans-3.2.xsd
DEBUG [main] (PluggableSchemaResolver.java:118) - Found XML schema [http://www.springframework.org/schema/context/spring-context-3.2.xsd] in classpath: org/springframework/context/config/spring-context-3.2.xsd
DEBUG [main] (PluggableSchemaResolver.java:118) - Found XML schema [http://www.springframework.org/schema/tool/spring-tool-3.2.xsd] in classpath: org/springframework/beans/factory/xml/spring-tool-3.2.xsd
DEBUG [main] (DefaultBeanDefinitionDocumentReader.java:106) - Loading bean definitions
DEBUG [main] (DefaultNamespaceHandlerResolver.java:156) - Loaded NamespaceHandler mappings: {http://www.springframework.org/schema/p=org.springframework.beans.factory.xml.SimplePropertyNamespaceHandler, http://www.springframework.org/schema/mvc=org.springframework.web.servlet.config.MvcNamespaceHandler, http://www.springframework.org/schema/util=org.springframework.beans.factory.xml.UtilNamespaceHandler, http://www.springframework.org/schema/jee=org.springframework.ejb.config.JeeNamespaceHandler, http://www.springframework.org/schema/aop=org.springframework.aop.config.AopNamespaceHandler, http://www.springframework.org/schema/oxm=org.springframework.oxm.config.OxmNamespaceHandler, http://www.springframework.org/schema/jdbc=org.springframework.jdbc.config.JdbcNamespaceHandler, http://www.springframework.org/schema/cache=org.springframework.cache.config.CacheNamespaceHandler, http://www.springframework.org/schema/c=org.springframework.beans.factory.xml.SimpleConstructorNamespaceHandler, http://www.springframework.org/schema/tx=org.springframework.transaction.config.TxNamespaceHandler, http://www.springframework.org/schema/jms=org.springframework.jms.config.JmsNamespaceHandler, http://www.springframework.org/schema/task=org.springframework.scheduling.config.TaskNamespaceHandler, http://www.springframework.org/schema/lang=org.springframework.scripting.config.LangNamespaceHandler, http://www.springframework.org/schema/context=org.springframework.context.config.ContextNamespaceHandler}
DEBUG [main] (BeanDefinitionParserDelegate.java:500) - Neither XML &apos;id&apos; nor &apos;name&apos; specified - using generated bean name [org.springframework.dao.annotation.PersistenceExceptionTranslationPostProcessor#0]
DEBUG [main] (ClassPathScanningCandidateComponentProvider.java:231) - JSR-250 &apos;javax.annotation.ManagedBean&apos; found and supported for component scanning
DEBUG [main] (ClassPathScanningCandidateComponentProvider.java:239) - JSR-330 &apos;javax.inject.Named&apos; annotation found and supported for component scanning
DEBUG [main] (PathMatchingResourcePatternResolver.java:550) - Looking for matching resources in directory tree [G:\Java_Project\AdProducer\target\classes\com\ad\producer\dao\impl]
DEBUG [main] (PathMatchingResourcePatternResolver.java:612) - Searching directory [G:\Java_Project\AdProducer\target\classes\com\ad\producer\dao\impl] for files matching pattern [G:/Java_Project/AdProducer/target/classes/com/ad/producer/dao/impl/**/*.class]
DEBUG [main] (PathMatchingResourcePatternResolver.java:351) - Resolved location pattern [classpath*:com/ad/producer/dao/impl/**/*.class] to resources [file [G:\Java_Project\AdProducer\target\classes\com\ad\producer\dao\impl\CreativesDAOImpl.class]]
DEBUG [main] (ClassPathScanningCandidateComponentProvider.java:273) - Identified candidate component class: file [G:\Java_Project\AdProducer\target\classes\com\ad\producer\dao\impl\CreativesDAOImpl.class]
DEBUG [main] (ClassPathScanningCandidateComponentProvider.java:231) - JSR-250 &apos;javax.annotation.ManagedBean&apos; found and supported for component scanning
DEBUG [main] (ClassPathScanningCandidateComponentProvider.java:239) - JSR-330 &apos;javax.inject.Named&apos; annotation found and supported for component scanning
DEBUG [main] (PathMatchingResourcePatternResolver.java:550) - Looking for matching resources in directory tree [G:\Java_Project\AdProducer\target\test-classes\com\ad\producer\service]
DEBUG [main] (PathMatchingResourcePatternResolver.java:612) - Searching directory [G:\Java_Project\AdProducer\target\test-classes\com\ad\producer\service] for files matching pattern [G:/Java_Project/AdProducer/target/test-classes/com/ad/producer/service/**/*.class]
DEBUG [main] (PathMatchingResourcePatternResolver.java:612) - Searching directory [G:\Java_Project\AdProducer\target\test-classes\com\ad\producer\service\test] for files matching pattern [G:/Java_Project/AdProducer/target/test-classes/com/ad/producer/service/**/*.class]
DEBUG [main] (PathMatchingResourcePatternResolver.java:550) - Looking for matching resources in directory tree [G:\Java_Project\AdProducer\target\classes\com\ad\producer\service]
DEBUG [main] (PathMatchingResourcePatternResolver.java:612) - Searching directory [G:\Java_Project\AdProducer\target\classes\com\ad\producer\service] for files matching pattern [G:/Java_Project/AdProducer/target/classes/com/ad/producer/service/**/*.class]
DEBUG [main] (PathMatchingResourcePatternResolver.java:351) - Resolved location pattern [classpath*:com/ad/producer/service/**/*.class] to resources [file [G:\Java_Project\AdProducer\target\test-classes\com\ad\producer\service\test\CreativesServiceTest.class], file [G:\Java_Project\AdProducer\target\classes\com\ad\producer\service\CreativesService.class], file [G:\Java_Project\AdProducer\target\classes\com\ad\producer\service\CreativesServiceForTest.class]]
DEBUG [main] (ClassPathScanningCandidateComponentProvider.java:273) - Identified candidate component class: file [G:\Java_Project\AdProducer\target\classes\com\ad\producer\service\CreativesService.class]
DEBUG [main] (ClassPathScanningCandidateComponentProvider.java:273) - Identified candidate component class: file [G:\Java_Project\AdProducer\target\classes\com\ad\producer\service\CreativesServiceForTest.class]
DEBUG [main] (ClassPathScanningCandidateComponentProvider.java:231) - JSR-250 &apos;javax.annotation.ManagedBean&apos; found and supported for component scanning
DEBUG [main] (ClassPathScanningCandidateComponentProvider.java:239) - JSR-330 &apos;javax.inject.Named&apos; annotation found and supported for component scanning
DEBUG [main] (PathMatchingResourcePatternResolver.java:550) - Looking for matching resources in directory tree [G:\Java_Project\AdProducer\target\classes\com\ad\producer\controller]
DEBUG [main] (PathMatchingResourcePatternResolver.java:612) - Searching directory [G:\Java_Project\AdProducer\target\classes\com\ad\producer\controller] for files matching pattern [G:/Java_Project/AdProducer/target/classes/com/ad/producer/controller/**/*.class]
DEBUG [main] (PathMatchingResourcePatternResolver.java:351) - Resolved location pattern [classpath*:com/ad/producer/controller/**/*.class] to resources [file [G:\Java_Project\AdProducer\target\classes\com\ad\producer\controller\AdvListController.class], file [G:\Java_Project\AdProducer\target\classes\com\ad\producer\controller\MyResource.class], file [G:\Java_Project\AdProducer\target\classes\com\ad\producer\controller\StatisticsResource.class]]
DEBUG [main] (ClassPathScanningCandidateComponentProvider.java:273) - Identified candidate component class: file [G:\Java_Project\AdProducer\target\classes\com\ad\producer\controller\AdvListController.class]
DEBUG [main] (BeanDefinitionParserDelegate.java:500) - Neither XML &apos;id&apos; nor &apos;name&apos; specified - using generated bean name [com.ad.producer.util.Utils#0]
 INFO [main] (XmlBeanDefinitionReader.java:315) - Loading XML bean definitions from class path resource [databaseConfigTest.xml]
DEBUG [main] (DefaultDocumentLoader.java:72) - Using JAXP provider [com.sun.org.apache.xerces.internal.jaxp.DocumentBuilderFactoryImpl]
DEBUG [main] (PluggableSchemaResolver.java:118) - Found XML schema [http://www.springframework.org/schema/beans/spring-beans-3.2.xsd] in classpath: org/springframework/beans/factory/xml/spring-beans-3.2.xsd
DEBUG [main] (PluggableSchemaResolver.java:118) - Found XML schema [http://www.springframework.org/schema/tx/spring-tx-3.2.xsd] in classpath: org/springframework/transaction/config/spring-tx-3.2.xsd
DEBUG [main] (PluggableSchemaResolver.java:118) - Found XML schema [http://www.springframework.org/schema/tool/spring-tool-3.2.xsd] in classpath: org/springframework/beans/factory/xml/spring-tool-3.2.xsd
DEBUG [main] (DefaultBeanDefinitionDocumentReader.java:106) - Loading bean definitions
DEBUG [main] (DefaultBeanDefinitionDocumentReader.java:275) - Imported 8 bean definitions from relative location [databaseConfigTest.xml]
DEBUG [main] (AbstractBeanDefinitionReader.java:216) - Loaded 24 bean definitions from location pattern [classpath:applicationContextTest.xml]
 INFO [main] (AbstractApplicationContext.java:510) - Refreshing org.springframework.context.support.GenericApplicationContext@6bd6c90d: startup date [Wed Jul 27 10:49:59 EEST 2016]; root of context hierarchy
DEBUG [main] (AbstractApplicationContext.java:540) - Bean factory for org.springframework.context.support.GenericApplicationContext@6bd6c90d: org.springframework.beans.factory.support.DefaultListableBeanFactory@988145f: defining beans [org.springframework.context.annotation.internalConfigurationAnnotationProcessor,org.springframework.context.annotation.internalAutowiredAnnotationProcessor,org.springframework.context.annotation.internalRequiredAnnotationProcessor,org.springframework.context.annotation.internalCommonAnnotationProcessor,org.springframework.context.annotation.internalPersistenceAnnotationProcessor,org.springframework.dao.annotation.PersistenceExceptionTranslationPostProcessor#0,creativesDAOImpl,creativesService,creativesServiceForTest,advListController,configProperties,webServer,configuration,com.ad.producer.util.Utils#0,cacheManager,ehcache,dataSource,sessionFactory,org.springframework.aop.config.internalAutoProxyCreator,org.springframework.transaction.annotation.AnnotationTransactionAttributeSource#0,org.springframework.transaction.interceptor.TransactionInterceptor#0,org.springframework.transaction.config.internalTransactionAdvisor,transactionManager,hibernateTemplate]; root of factory hierarchy
DEBUG [main] (DefaultSingletonBeanRegistry.java:215) - Creating shared instance of singleton bean &apos;org.springframework.context.annotation.internalConfigurationAnnotationProcessor&apos;
DEBUG [main] (AbstractAutowireCapableBeanFactory.java:432) - Creating instance of bean &apos;org.springframework.context.annotation.internalConfigurationAnnotationProcessor&apos;
DEBUG [main] (AbstractAutowireCapableBeanFactory.java:506) - Eagerly caching bean &apos;org.springframework.context.annotation.internalConfigurationAnnotationProcessor&apos; to allow for resolving potential circular references
DEBUG [main] (AbstractAutowireCapableBeanFactory.java:460) - Finished creating instance of bean &apos;org.springframework.context.annotation.internalConfigurationAnnotationProcessor&apos;
DEBUG [main] (DefaultSingletonBeanRegistry.java:215) - Creating shared instance of singleton bean &apos;configProperties&apos;
DEBUG [main] (AbstractAutowireCapableBeanFactory.java:432) - Creating instance of bean &apos;configProperties&apos;
DEBUG [main] (AbstractAutowireCapableBeanFactory.java:506) - Eagerly caching bean &apos;configProperties&apos; to allow for resolving potential circular references
DEBUG [main] (AbstractAutowireCapableBeanFactory.java:460) - Finished creating instance of bean &apos;configProperties&apos;
 INFO [main] (PropertiesLoaderSupport.java:172) - Loading properties file from class path resource [configuration.properties]
DEBUG [main] (DefaultSingletonBeanRegistry.java:215) - Creating shared instance of singleton bean &apos;org.springframework.context.annotation.internalAutowiredAnnotationProcessor&apos;
DEBUG [main] (AbstractAutowireCapableBeanFactory.java:432) - Creating instance of bean &apos;org.springframework.context.annotation.internalAutowiredAnnotationProcessor&apos;
 INFO [main] (AutowiredAnnotationBeanPostProcessor.java:141) - JSR-330 &apos;javax.inject.Inject&apos; annotation found and supported for autowiring
DEBUG [main] (AbstractAutowireCapableBeanFactory.java:506) - Eagerly caching bean &apos;org.springframework.context.annotation.internalAutowiredAnnotationProcessor&apos; to allow for resolving potential circular references
DEBUG [main] (AbstractAutowireCapableBeanFactory.java:460) - Finished creating instance of bean &apos;org.springframework.context.annotation.internalAutowiredAnnotationProcessor&apos;
DEBUG [main] (DefaultSingletonBeanRegistry.java:215) - Creating shared instance of singleton bean &apos;org.springframework.context.annotation.internalRequiredAnnotationProcessor&apos;
DEBUG [main] (AbstractAutowireCapableBeanFactory.java:432) - Creating instance of bean &apos;org.springframework.context.annotation.internalRequiredAnnotationProcessor&apos;
DEBUG [main] (AbstractAutowireCapableBeanFactory.java:506) - Eagerly caching bean &apos;org.springframework.context.annotation.internalRequiredAnnotationProcessor&apos; to allow for resolving potential circular references
DEBUG [main] (AbstractAutowireCapableBeanFactory.java:460) - Finished creating instance of bean &apos;org.springframework.context.annotation.internalRequiredAnnotationProcessor&apos;
DEBUG [main] (DefaultSingletonBeanRegistry.java:215) - Creating shared instance of singleton bean &apos;org.springframework.context.annotation.internalCommonAnnotationProcessor&apos;
DEBUG [main] (AbstractAutowireCapableBeanFactory.java:432) - Creating instance of bean &apos;org.springframework.context.annotation.internalCommonAnnotationProcessor&apos;
DEBUG [main] (AbstractAutowireCapableBeanFactory.java:506) - Eagerly caching bean &apos;org.springframework.context.annotation.internalCommonAnnotationProcessor&apos; to allow for resolving potential circular references
DEBUG [main] (AbstractAutowireCapableBeanFactory.java:460) - Finished creating instance of bean &apos;org.springframework.context.annotation.internalCommonAnnotationProcessor&apos;
DEBUG [main] (DefaultSingletonBeanRegistry.java:215) - Creating shared instance of singleton bean &apos;org.springframework.context.annotation.internalPersistenceAnnotationProcessor&apos;
DEBUG [main] (AbstractAutowireCapableBeanFactory.java:432) - Creating instance of bean &apos;org.springframework.context.annotation.internalPersistenceAnnotationProcessor&apos;
DEBUG [main] (AbstractAutowireCapableBeanFactory.java:506) - Eagerly caching bean &apos;org.springframework.context.annotation.internalPersistenceAnnotationProcessor&apos; to allow for resolving potential circular references
DEBUG [main] (AbstractAutowireCapableBeanFactory.java:460) - Finished creating instance of bean &apos;org.springframework.context.annotation.internalPersistenceAnnotationProcessor&apos;
DEBUG [main] (DefaultSingletonBeanRegistry.java:215) - Creating shared instance of singleton bean &apos;org.springframework.context.annotation.ConfigurationClassPostProcessor.importAwareProcessor&apos;
DEBUG [main] (AbstractAutowireCapableBeanFactory.java:432) - Creating instance of bean &apos;org.springframework.context.annotation.ConfigurationClassPostProcessor.importAwareProcessor&apos;
DEBUG [main] (AbstractAutowireCapableBeanFactory.java:506) - Eagerly caching bean &apos;org.springframework.context.annotation.ConfigurationClassPostProcessor.importAwareProcessor&apos; to allow for resolving potential circular references
DEBUG [main] (AbstractAutowireCapableBeanFactory.java:460) - Finished creating instance of bean &apos;org.springframework.context.annotation.ConfigurationClassPostProcessor.importAwareProcessor&apos;
DEBUG [main] (DefaultSingletonBeanRegistry.java:215) - Creating shared instance of singleton bean &apos;org.springframework.dao.annotation.PersistenceExceptionTranslationPostProcessor#0&apos;
DEBUG [main] (AbstractAutowireCapableBeanFactory.java:432) - Creating instance of bean &apos;org.springframework.dao.annotation.PersistenceExceptionTranslationPostProcessor#0&apos;
DEBUG [main] (AbstractAutowireCapableBeanFactory.java:506) - Eagerly caching bean &apos;org.springframework.dao.annotation.PersistenceExceptionTranslationPostProcessor#0&apos; to allow for resolving potential circular references
DEBUG [main] (DefaultSingletonBeanRegistry.java:215) - Creating shared instance of singleton bean &apos;sessionFactory&apos;
DEBUG [main] (AbstractAutowireCapableBeanFactory.java:432) - Creating instance of bean &apos;sessionFactory&apos;
DEBUG [main] (AbstractAutowireCapableBeanFactory.java:506) - Eagerly caching bean &apos;sessionFactory&apos; to allow for resolving potential circular references
DEBUG [main] (DefaultSingletonBeanRegistry.java:215) - Creating shared instance of singleton bean &apos;dataSource&apos;
DEBUG [main] (AbstractAutowireCapableBeanFactory.java:432) - Creating instance of bean &apos;dataSource&apos;
DEBUG [main] (AbstractAutowireCapableBeanFactory.java:506) - Eagerly caching bean &apos;dataSource&apos; to allow for resolving potential circular references
 INFO [main] (DriverManagerDataSource.java:153) - Loaded JDBC driver: org.apache.derby.jdbc.ClientDriver
 INFO [main] (AbstractApplicationContext.java:1374) - Bean &apos;dataSource&apos; of type [class org.springframework.jdbc.datasource.DriverManagerDataSource] is not eligible for getting processed by all BeanPostProcessors (for example: not eligible for auto-proxying)
DEBUG [main] (AbstractAutowireCapableBeanFactory.java:460) - Finished creating instance of bean &apos;dataSource&apos;
DEBUG [main] (AbstractAutowireCapableBeanFactory.java:1555) - Invoking afterPropertiesSet() on bean with name &apos;sessionFactory&apos;
DEBUG [main] (BasicTypeRegistry.java:147) - Adding type registration boolean -&gt; org.hibernate.type.BooleanType@3574cdb9
DEBUG [main] (BasicTypeRegistry.java:147) - Adding type registration boolean -&gt; org.hibernate.type.BooleanType@3574cdb9
DEBUG [main] (BasicTypeRegistry.java:147) - Adding type registration java.lang.Boolean -&gt; org.hibernate.type.BooleanType@3574cdb9
DEBUG [main] (BasicTypeRegistry.java:147) - Adding type registration numeric_boolean -&gt; org.hibernate.type.NumericBooleanType@300da525
DEBUG [main] (BasicTypeRegistry.java:147) - Adding type registration true_false -&gt; org.hibernate.type.TrueFalseType@5610e1a4
DEBUG [main] (BasicTypeRegistry.java:147) - Adding type registration yes_no -&gt; org.hibernate.type.YesNoType@3fa7e1a8
DEBUG [main] (BasicTypeRegistry.java:147) - Adding type registration byte -&gt; org.hibernate.type.ByteType@59db869
DEBUG [main] (BasicTypeRegistry.java:147) - Adding type registration byte -&gt; org.hibernate.type.ByteType@59db869
DEBUG [main] (BasicTypeRegistry.java:147) - Adding type registration java.lang.Byte -&gt; org.hibernate.type.ByteType@59db869
DEBUG [main] (BasicTypeRegistry.java:147) - Adding type registration character -&gt; org.hibernate.type.CharacterType@5d47522a
DEBUG [main] (BasicTypeRegistry.java:147) - Adding type registration char -&gt; org.hibernate.type.CharacterType@5d47522a
DEBUG [main] (BasicTypeRegistry.java:147) - Adding type registration java.lang.Character -&gt; org.hibernate.type.CharacterType@5d47522a
DEBUG [main] (BasicTypeRegistry.java:147) - Adding type registration short -&gt; org.hibernate.type.ShortType@6f01297c
DEBUG [main] (BasicTypeRegistry.java:147) - Adding type registration short -&gt; org.hibernate.type.ShortType@6f01297c
DEBUG [main] (BasicTypeRegistry.java:147) - Adding type registration java.lang.Short -&gt; org.hibernate.type.ShortType@6f01297c
DEBUG [main] (BasicTypeRegistry.java:147) - Adding type registration integer -&gt; org.hibernate.type.IntegerType@19a7b6e3
DEBUG [main] (BasicTypeRegistry.java:147) - Adding type registration int -&gt; org.hibernate.type.IntegerType@19a7b6e3
DEBUG [main] (BasicTypeRegistry.java:147) - Adding type registration java.lang.Integer -&gt; org.hibernate.type.IntegerType@19a7b6e3
DEBUG [main] (BasicTypeRegistry.java:147) - Adding type registration long -&gt; org.hibernate.type.LongType@4ff6b3d6
DEBUG [main] (BasicTypeRegistry.java:147) - Adding type registration long -&gt; org.hibernate.type.LongType@4ff6b3d6
DEBUG [main] (BasicTypeRegistry.java:147) - Adding type registration java.lang.Long -&gt; org.hibernate.type.LongType@4ff6b3d6
DEBUG [main] (BasicTypeRegistry.java:147) - Adding type registration float -&gt; org.hibernate.type.FloatType@5dba2b68
DEBUG [main] (BasicTypeRegistry.java:147) - Adding type registration float -&gt; org.hibernate.type.FloatType@5dba2b68
DEBUG [main] (BasicTypeRegistry.java:147) - Adding type registration java.lang.Float -&gt; org.hibernate.type.FloatType@5dba2b68
DEBUG [main] (BasicTypeRegistry.java:147) - Adding type registration double -&gt; org.hibernate.type.DoubleType@32a9f661
DEBUG [main] (BasicTypeRegistry.java:147) - Adding type registration double -&gt; org.hibernate.type.DoubleType@32a9f661
DEBUG [main] (BasicTypeRegistry.java:147) - Adding type registration java.lang.Double -&gt; org.hibernate.type.DoubleType@32a9f661
DEBUG [main] (BasicTypeRegistry.java:147) - Adding type registration big_decimal -&gt; org.hibernate.type.BigDecimalType@2ed7c530
DEBUG [main] (BasicTypeRegistry.java:147) - Adding type registration java.math.BigDecimal -&gt; org.hibernate.type.BigDecimalType@2ed7c530
DEBUG [main] (BasicTypeRegistry.java:147) - Adding type registration big_integer -&gt; org.hibernate.type.BigIntegerType@2aa3d067
DEBUG [main] (BasicTypeRegistry.java:147) - Adding type registration java.math.BigInteger -&gt; org.hibernate.type.BigIntegerType@2aa3d067
DEBUG [main] (BasicTypeRegistry.java:147) - Adding type registration string -&gt; org.hibernate.type.StringType@ee15b1f
DEBUG [main] (BasicTypeRegistry.java:147) - Adding type registration java.lang.String -&gt; org.hibernate.type.StringType@ee15b1f
DEBUG [main] (BasicTypeRegistry.java:147) - Adding type registration url -&gt; org.hibernate.type.UrlType@291e5d65
DEBUG [main] (BasicTypeRegistry.java:147) - Adding type registration java.net.URL -&gt; org.hibernate.type.UrlType@291e5d65
DEBUG [main] (BasicTypeRegistry.java:147) - Adding type registration date -&gt; org.hibernate.type.DateType@3668a622
DEBUG [main] (BasicTypeRegistry.java:147) - Adding type registration java.sql.Date -&gt; org.hibernate.type.DateType@3668a622
DEBUG [main] (BasicTypeRegistry.java:147) - Adding type registration time -&gt; org.hibernate.type.TimeType@73088f28
DEBUG [main] (BasicTypeRegistry.java:147) - Adding type registration java.sql.Time -&gt; org.hibernate.type.TimeType@73088f28
DEBUG [main] (BasicTypeRegistry.java:147) - Adding type registration timestamp -&gt; org.hibernate.type.TimestampType@b297f91
DEBUG [main] (BasicTypeRegistry.java:147) - Adding type registration java.sql.Timestamp -&gt; org.hibernate.type.TimestampType@b297f91
DEBUG [main] (BasicTypeRegistry.java:147) - Adding type registration java.util.Date -&gt; org.hibernate.type.TimestampType@b297f91
DEBUG [main] (BasicTypeRegistry.java:147) - Adding type registration dbtimestamp -&gt; org.hibernate.type.DbTimestampType@47c0db6a
DEBUG [main] (BasicTypeRegistry.java:147) - Adding type registration calendar -&gt; org.hibernate.type.CalendarType@7f933ed1
DEBUG [main] (BasicTypeRegistry.java:147) - Adding type registration java.util.Calendar -&gt; org.hibernate.type.CalendarType@7f933ed1
DEBUG [main] (BasicTypeRegistry.java:147) - Adding type registration java.util.GregorianCalendar -&gt; org.hibernate.type.CalendarType@7f933ed1
DEBUG [main] (BasicTypeRegistry.java:147) - Adding type registration calendar_date -&gt; org.hibernate.type.CalendarDateType@772a5f68
DEBUG [main] (BasicTypeRegistry.java:147) - Adding type registration locale -&gt; org.hibernate.type.LocaleType@27edbfa6
DEBUG [main] (BasicTypeRegistry.java:147) - Adding type registration java.util.Locale -&gt; org.hibernate.type.LocaleType@27edbfa6
DEBUG [main] (BasicTypeRegistry.java:147) - Adding type registration currency -&gt; org.hibernate.type.CurrencyType@5cc66a3b
DEBUG [main] (BasicTypeRegistry.java:147) - Adding type registration java.util.Currency -&gt; org.hibernate.type.CurrencyType@5cc66a3b
DEBUG [main] (BasicTypeRegistry.java:147) - Adding type registration timezone -&gt; org.hibernate.type.TimeZoneType@2594aeed
DEBUG [main] (BasicTypeRegistry.java:147) - Adding type registration java.util.TimeZone -&gt; org.hibernate.type.TimeZoneType@2594aeed
DEBUG [main] (BasicTypeRegistry.java:147) - Adding type registration class -&gt; org.hibernate.type.ClassType@70dfda8f
DEBUG [main] (BasicTypeRegistry.java:147) - Adding type registration java.lang.Class -&gt; org.hibernate.type.ClassType@70dfda8f
DEBUG [main] (BasicTypeRegistry.java:147) - Adding type registration uuid-binary -&gt; org.hibernate.type.UUIDBinaryType@41ce60dc
DEBUG [main] (BasicTypeRegistry.java:147) - Adding type registration java.util.UUID -&gt; org.hibernate.type.UUIDBinaryType@41ce60dc
DEBUG [main] (BasicTypeRegistry.java:147) - Adding type registration uuid-char -&gt; org.hibernate.type.UUIDCharType@22536cc0
DEBUG [main] (BasicTypeRegistry.java:147) - Adding type registration pg-uuid -&gt; org.hibernate.type.PostgresUUIDType@dde0e41
DEBUG [main] (BasicTypeRegistry.java:147) - Adding type registration binary -&gt; org.hibernate.type.BinaryType@22722a97
DEBUG [main] (BasicTypeRegistry.java:147) - Adding type registration byte[] -&gt; org.hibernate.type.BinaryType@22722a97
DEBUG [main] (BasicTypeRegistry.java:147) - Adding type registration [B -&gt; org.hibernate.type.BinaryType@22722a97
DEBUG [main] (BasicTypeRegistry.java:147) - Adding type registration wrapper-binary -&gt; org.hibernate.type.WrapperBinaryType@29f7831
DEBUG [main] (BasicTypeRegistry.java:147) - Adding type registration Byte[] -&gt; org.hibernate.type.WrapperBinaryType@29f7831
DEBUG [main] (BasicTypeRegistry.java:147) - Adding type registration [Ljava.lang.Byte; -&gt; org.hibernate.type.WrapperBinaryType@29f7831
DEBUG [main] (BasicTypeRegistry.java:147) - Adding type registration image -&gt; org.hibernate.type.ImageType@355d3d12
DEBUG [main] (BasicTypeRegistry.java:147) - Adding type registration characters -&gt; org.hibernate.type.CharArrayType@55d3cae2
DEBUG [main] (BasicTypeRegistry.java:147) - Adding type registration char[] -&gt; org.hibernate.type.CharArrayType@55d3cae2
DEBUG [main] (BasicTypeRegistry.java:147) - Adding type registration [C -&gt; org.hibernate.type.CharArrayType@55d3cae2
DEBUG [main] (BasicTypeRegistry.java:147) - Adding type registration wrapper-characters -&gt; org.hibernate.type.CharacterArrayType@7c9df87d
DEBUG [main] (BasicTypeRegistry.java:147) - Adding type registration [Ljava.lang.Character; -&gt; org.hibernate.type.CharacterArrayType@7c9df87d
DEBUG [main] (BasicTypeRegistry.java:147) - Adding type registration Character[] -&gt; org.hibernate.type.CharacterArrayType@7c9df87d
DEBUG [main] (BasicTypeRegistry.java:147) - Adding type registration text -&gt; org.hibernate.type.TextType@30d31cf9
DEBUG [main] (BasicTypeRegistry.java:147) - Adding type registration blob -&gt; org.hibernate.type.BlobType@6036c24b
DEBUG [main] (BasicTypeRegistry.java:147) - Adding type registration java.sql.Blob -&gt; org.hibernate.type.BlobType@6036c24b
DEBUG [main] (BasicTypeRegistry.java:147) - Adding type registration materialized_blob -&gt; org.hibernate.type.MaterializedBlobType@7a7bce95
DEBUG [main] (BasicTypeRegistry.java:147) - Adding type registration wrapper_materialized_blob -&gt; org.hibernate.type.WrappedMaterializedBlobType@5367839e
DEBUG [main] (BasicTypeRegistry.java:147) - Adding type registration clob -&gt; org.hibernate.type.ClobType@1c50c5b8
DEBUG [main] (BasicTypeRegistry.java:147) - Adding type registration java.sql.Clob -&gt; org.hibernate.type.ClobType@1c50c5b8
DEBUG [main] (BasicTypeRegistry.java:147) - Adding type registration materialized_clob -&gt; org.hibernate.type.MaterializedClobType@13b9b89a
DEBUG [main] (BasicTypeRegistry.java:147) - Adding type registration wrapper_characters_clob -&gt; org.hibernate.type.CharacterArrayClobType@4613d832
DEBUG [main] (BasicTypeRegistry.java:147) - Adding type registration characters_clob -&gt; org.hibernate.type.PrimitiveCharacterArrayClobType@2ef33be4
DEBUG [main] (BasicTypeRegistry.java:147) - Adding type registration serializable -&gt; org.hibernate.type.SerializableType@48f98163
DEBUG [main] (BasicTypeRegistry.java:147) - Adding type registration object -&gt; org.hibernate.type.ObjectType@15fec1d
DEBUG [main] (BasicTypeRegistry.java:147) - Adding type registration java.lang.Object -&gt; org.hibernate.type.ObjectType@15fec1d
DEBUG [main] (BasicTypeRegistry.java:147) - Adding type registration imm_date -&gt; org.hibernate.type.AdaptedImmutableType@1d2a5fbb
DEBUG [main] (BasicTypeRegistry.java:147) - Adding type registration imm_time -&gt; org.hibernate.type.AdaptedImmutableType@48bc9948
DEBUG [main] (BasicTypeRegistry.java:147) - Adding type registration imm_timestamp -&gt; org.hibernate.type.AdaptedImmutableType@6007ecbf
DEBUG [main] (BasicTypeRegistry.java:147) - Adding type registration imm_dbtimestamp -&gt; org.hibernate.type.AdaptedImmutableType@1764dcdf
DEBUG [main] (BasicTypeRegistry.java:147) - Adding type registration imm_calendar -&gt; org.hibernate.type.AdaptedImmutableType@757c36f1
DEBUG [main] (BasicTypeRegistry.java:147) - Adding type registration imm_calendar_date -&gt; org.hibernate.type.AdaptedImmutableType@4b4c7b84
DEBUG [main] (BasicTypeRegistry.java:147) - Adding type registration imm_binary -&gt; org.hibernate.type.AdaptedImmutableType@413bc53f
DEBUG [main] (BasicTypeRegistry.java:147) - Adding type registration imm_serializable -&gt; org.hibernate.type.AdaptedImmutableType@4f339cee
 INFO [main] (Version.java:37) - Hibernate Commons Annotations 3.2.0.Final
 INFO [main] (Environment.java:593) - Hibernate 3.6.3.Final
 INFO [main] (Environment.java:626) - hibernate.properties not found
 INFO [main] (Environment.java:804) - Bytecode provider name : javassist
 INFO [main] (Environment.java:685) - using JDK 1.4 java.sql.Timestamp handling
DEBUG [main] (DefaultIdentifierGeneratorFactory.java:100) - Registering IdentifierGenerator strategy [uuid2] -&gt; [class org.hibernate.id.UUIDGenerator]
DEBUG [main] (DefaultIdentifierGeneratorFactory.java:100) - Registering IdentifierGenerator strategy [guid] -&gt; [class org.hibernate.id.GUIDGenerator]
DEBUG [main] (DefaultIdentifierGeneratorFactory.java:100) - Registering IdentifierGenerator strategy [uuid] -&gt; [class org.hibernate.id.UUIDHexGenerator]
DEBUG [main] (DefaultIdentifierGeneratorFactory.java:100) - Registering IdentifierGenerator strategy [uuid.hex] -&gt; [class org.hibernate.id.UUIDHexGenerator]
DEBUG [main] (DefaultIdentifierGeneratorFactory.java:100) - Registering IdentifierGenerator strategy [hilo] -&gt; [class org.hibernate.id.TableHiLoGenerator]
DEBUG [main] (DefaultIdentifierGeneratorFactory.java:100) - Registering IdentifierGenerator strategy [assigned] -&gt; [class org.hibernate.id.Assigned]
DEBUG [main] (DefaultIdentifierGeneratorFactory.java:100) - Registering IdentifierGenerator strategy [identity] -&gt; [class org.hibernate.id.IdentityGenerator]
DEBUG [main] (DefaultIdentifierGeneratorFactory.java:100) - Registering IdentifierGenerator strategy [select] -&gt; [class org.hibernate.id.SelectGenerator]
DEBUG [main] (DefaultIdentifierGeneratorFactory.java:100) - Registering IdentifierGenerator strategy [sequence] -&gt; [class org.hibernate.id.SequenceGenerator]
DEBUG [main] (DefaultIdentifierGeneratorFactory.java:100) - Registering IdentifierGenerator strategy [seqhilo] -&gt; [class org.hibernate.id.SequenceHiLoGenerator]
DEBUG [main] (DefaultIdentifierGeneratorFactory.java:100) - Registering IdentifierGenerator strategy [increment] -&gt; [class org.hibernate.id.IncrementGenerator]
DEBUG [main] (DefaultIdentifierGeneratorFactory.java:100) - Registering IdentifierGenerator strategy [foreign] -&gt; [class org.hibernate.id.ForeignGenerator]
DEBUG [main] (DefaultIdentifierGeneratorFactory.java:100) - Registering IdentifierGenerator strategy [sequence-identity] -&gt; [class org.hibernate.id.SequenceIdentityGenerator]
DEBUG [main] (DefaultIdentifierGeneratorFactory.java:100) - Registering IdentifierGenerator strategy [enhanced-sequence] -&gt; [class org.hibernate.id.enhanced.SequenceStyleGenerator]
DEBUG [main] (DefaultIdentifierGeneratorFactory.java:100) - Registering IdentifierGenerator strategy [enhanced-table] -&gt; [class org.hibernate.id.enhanced.TableGenerator]
DEBUG [main] (Configuration.java:3968) - Processing hbm.xml files
DEBUG [main] (Configuration.java:3998) - Process annotated classes
 INFO [main] (AnnotationBinder.java:532) - Binding entity from annotated class: com.ad.producer.domain.Creatives
DEBUG [main] (Ejb3Column.java:192) - Binding column: Ejb3DiscriminatorColumn{logicalColumnName&apos;DTYPE&apos;, discriminatorTypeName=&apos;string&apos;}
DEBUG [main] (AnnotationBinder.java:1019) - no value specified for &apos;javax.persistence.sharedCache.mode&apos;; using UNSPECIFIED
DEBUG [main] (EntityBinder.java:364) - Import with entity name Creatives
 INFO [main] (EntityBinder.java:530) - Bind entity com.ad.producer.domain.Creatives on table Creatives
DEBUG [main] (Ejb3Column.java:192) - Binding column: Ejb3Column{table=org.hibernate.mapping.Table(Creatives), mappingColumn=id, insertable=true, updatable=true, unique=false}
DEBUG [main] (PropertyBinder.java:175) - binding property id with lazy=false
DEBUG [main] (SimpleValueBinder.java:303) - building SimpleValue for id
DEBUG [main] (PropertyBinder.java:255) - Building property id
DEBUG [main] (Ejb3Column.java:192) - Binding column: Ejb3Column{table=org.hibernate.mapping.Table(Creatives), mappingColumn=countries, insertable=true, updatable=true, unique=false}
DEBUG [main] (PropertyBinder.java:175) - binding property countries with lazy=false
DEBUG [main] (SimpleValueBinder.java:303) - building SimpleValue for countries
DEBUG [main] (PropertyBinder.java:255) - Building property countries
DEBUG [main] (Ejb3Column.java:192) - Binding column: Ejb3Column{table=org.hibernate.mapping.Table(Creatives), mappingColumn=description, insertable=true, updatable=true, unique=false}
DEBUG [main] (PropertyBinder.java:175) - binding property description with lazy=false
DEBUG [main] (SimpleValueBinder.java:303) - building SimpleValue for description
DEBUG [main] (PropertyBinder.java:255) - Building property description
DEBUG [main] (Ejb3Column.java:192) - Binding column: Ejb3Column{table=org.hibernate.mapping.Table(Creatives), mappingColumn=excluded_countries, insertable=true, updatable=true, unique=false}
DEBUG [main] (PropertyBinder.java:175) - binding property excluded_countries with lazy=false
DEBUG [main] (SimpleValueBinder.java:303) - building SimpleValue for excluded_countries
DEBUG [main] (PropertyBinder.java:255) - Building property excluded_countries
DEBUG [main] (Ejb3Column.java:192) - Binding column: Ejb3Column{table=org.hibernate.mapping.Table(Creatives), mappingColumn=excluded_os, insertable=true, updatable=true, unique=false}
DEBUG [main] (PropertyBinder.java:175) - binding property excluded_os with lazy=false
DEBUG [main] (SimpleValueBinder.java:303) - building SimpleValue for excluded_os
DEBUG [main] (PropertyBinder.java:255) - Building property excluded_os
DEBUG [main] (Ejb3Column.java:192) - Binding column: Ejb3Column{table=org.hibernate.mapping.Table(Creatives), mappingColumn=os, insertable=true, updatable=true, unique=false}
DEBUG [main] (PropertyBinder.java:175) - binding property os with lazy=false
DEBUG [main] (SimpleValueBinder.java:303) - building SimpleValue for os
DEBUG [main] (PropertyBinder.java:255) - Building property os
DEBUG [main] (Ejb3Column.java:192) - Binding column: Ejb3Column{table=org.hibernate.mapping.Table(Creatives), mappingColumn=url, insertable=true, updatable=true, unique=false}
DEBUG [main] (PropertyBinder.java:175) - binding property url with lazy=false
DEBUG [main] (SimpleValueBinder.java:303) - building SimpleValue for url
DEBUG [main] (PropertyBinder.java:255) - Building property url
DEBUG [main] (SimpleValueBinder.java:341) - Setting SimpleValue typeName for id
DEBUG [main] (SimpleValueBinder.java:341) - Setting SimpleValue typeName for countries
DEBUG [main] (SimpleValueBinder.java:341) - Setting SimpleValue typeName for description
DEBUG [main] (SimpleValueBinder.java:341) - Setting SimpleValue typeName for excluded_countries
DEBUG [main] (SimpleValueBinder.java:341) - Setting SimpleValue typeName for excluded_os
DEBUG [main] (SimpleValueBinder.java:341) - Setting SimpleValue typeName for os
DEBUG [main] (SimpleValueBinder.java:341) - Setting SimpleValue typeName for url
DEBUG [main] (Configuration.java:1439) - processing fk mappings (*ToOne and JoinedSubclass)
DEBUG [main] (Configuration.java:1681) - processing extends queue
DEBUG [main] (Configuration.java:1735) - processing extends queue
DEBUG [main] (Configuration.java:1684) - processing collection mappings
DEBUG [main] (Configuration.java:1694) - processing native query and ResultSetMapping mappings
DEBUG [main] (Configuration.java:1702) - processing association property references
DEBUG [main] (Configuration.java:1724) - processing foreign key constraints
 INFO [main] (Configuration.java:1649) - Hibernate Validator not found: ignoring
DEBUG [main] (LoggerFactory.java:29) - Logging Provider: org.jboss.logging.Log4jLoggerProvider
 INFO [main] (Version.java:27) - HV000001: Hibernate Validator 5.0.1.Final
DEBUG [main] (DefaultTraversableResolver.java:106) - Found javax.persistence.Persistence on classpath containing &apos;getPersistenceUtil&apos;. Assuming JPA 2 environment. Trying to instantiate JPA aware TraversableResolver
DEBUG [main] (DefaultTraversableResolver.java:117) - Instantiated JPA aware TraversableResolver of type org.hibernate.validator.internal.engine.resolver.JPATraversableResolver.
DEBUG [main] (ValidationXmlParser.java:88) - Trying to load META-INF/validation.xml for XML based Validator configuration.
DEBUG [main] (ValidationXmlParser.java:95) - No META-INF/validation.xml found. Using annotation based configuration only.
 INFO [main] (LocalSessionFactoryBean.java:780) - Building new Hibernate SessionFactory
DEBUG [main] (Configuration.java:1827) - Preparing to build session factory with filters : {}
DEBUG [main] (Configuration.java:3968) - Processing hbm.xml files
DEBUG [main] (Configuration.java:3998) - Process annotated classes
DEBUG [main] (Configuration.java:1439) - processing fk mappings (*ToOne and JoinedSubclass)
DEBUG [main] (Configuration.java:1681) - processing extends queue
DEBUG [main] (Configuration.java:1735) - processing extends queue
DEBUG [main] (Configuration.java:1684) - processing collection mappings
DEBUG [main] (Configuration.java:1694) - processing native query and ResultSetMapping mappings
DEBUG [main] (Configuration.java:1702) - processing association property references
DEBUG [main] (Configuration.java:1724) - processing foreign key constraints
DEBUG [main] (DefaultTraversableResolver.java:106) - Found javax.persistence.Persistence on classpath containing &apos;getPersistenceUtil&apos;. Assuming JPA 2 environment. Trying to instantiate JPA aware TraversableResolver
DEBUG [main] (DefaultTraversableResolver.java:117) - Instantiated JPA aware TraversableResolver of type org.hibernate.validator.internal.engine.resolver.JPATraversableResolver.
DEBUG [main] (ValidationXmlParser.java:88) - Trying to load META-INF/validation.xml for XML based Validator configuration.
DEBUG [main] (ValidationXmlParser.java:95) - No META-INF/validation.xml found. Using annotation based configuration only.
DEBUG [main] (Configuration.java:1869) - Legacy Validator not present in classpath, ignoring event listener registration
DEBUG [main] (DefaultTraversableResolver.java:106) - Found javax.persistence.Persistence on classpath containing &apos;getPersistenceUtil&apos;. Assuming JPA 2 environment. Trying to instantiate JPA aware TraversableResolver
DEBUG [main] (DefaultTraversableResolver.java:117) - Instantiated JPA aware TraversableResolver of type org.hibernate.validator.internal.engine.resolver.JPATraversableResolver.
DEBUG [main] (ValidationXmlParser.java:88) - Trying to load META-INF/validation.xml for XML based Validator configuration.
DEBUG [main] (ValidationXmlParser.java:95) - No META-INF/validation.xml found. Using annotation based configuration only.
DEBUG [main] (HibernateSearchEventListenerRegister.java:231) - Search not present in classpath, ignoring event listener registration.
 INFO [main] (HibernateSearchEventListenerRegister.java:75) - Unable to find org.hibernate.search.event.FullTextIndexEventListener on the classpath. Hibernate Search is not enabled.
 INFO [main] (ConnectionProviderFactory.java:173) - Initializing connection provider: org.springframework.orm.hibernate3.LocalDataSourceConnectionProvider
DEBUG [main] (DriverManagerDataSource.java:162) - Creating new JDBC DriverManager Connection to [jdbc:derby://localhost:1527/sample]
 INFO [main] (Dialect.java:135) - Using dialect: org.hibernate.dialect.DerbyDialect
 INFO [main] (SettingsFactory.java:126) - Database -&gt;
       name : Apache Derby
    version : 10.8.2.2 - (1181258)
      major : 10
      minor : 8
 INFO [main] (SettingsFactory.java:132) - Driver -&gt;
       name : Apache Derby Network Client JDBC Driver
    version : 10.10.1.1 - (1458268)
      major : 10
      minor : 10
 INFO [main] (TransactionFactoryFactory.java:62) - Transaction strategy: org.springframework.orm.hibernate3.SpringTransactionFactory
 INFO [main] (TransactionManagerLookupFactory.java:80) - No TransactionManagerLookup configured (in JTA environment, use of read-write or transactional second-level cache is not recommended)
 INFO [main] (SettingsFactory.java:179) - Automatic flush during beforeCompletion(): disabled
 INFO [main] (SettingsFactory.java:183) - Automatic session close at end of transaction: disabled
 INFO [main] (SettingsFactory.java:198) - Scrollable result sets: enabled
DEBUG [main] (SettingsFactory.java:202) - Wrap result sets: disabled
 INFO [main] (SettingsFactory.java:206) - JDBC3 getGeneratedKeys(): disabled
 INFO [main] (SettingsFactory.java:214) - Connection release mode: auto
 INFO [main] (SettingsFactory.java:232) - Default schema: APP
 INFO [main] (SettingsFactory.java:241) - Default batch fetch size: 1
 INFO [main] (SettingsFactory.java:245) - Generate SQL with comments: disabled
 INFO [main] (SettingsFactory.java:249) - Order SQL updates by primary key: enabled
 INFO [main] (SettingsFactory.java:253) - Order SQL inserts for batching: disabled
 INFO [main] (SettingsFactory.java:431) - Query translator: org.hibernate.hql.ast.ASTQueryTranslatorFactory
 INFO [main] (ASTQueryTranslatorFactory.java:47) - Using ASTQueryTranslatorFactory
 INFO [main] (SettingsFactory.java:261) - Query language substitutions: {}
 INFO [main] (SettingsFactory.java:266) - JPA-QL strict compliance: disabled
 INFO [main] (SettingsFactory.java:271) - Second-level cache: enabled
 INFO [main] (SettingsFactory.java:275) - Query cache: disabled
 INFO [main] (SettingsFactory.java:406) - Cache region factory : org.hibernate.cache.impl.NoCachingRegionFactory
 INFO [main] (SettingsFactory.java:285) - Optimize cache for minimal puts: disabled
 INFO [main] (SettingsFactory.java:294) - Structured second-level cache entries: disabled
 INFO [main] (SettingsFactory.java:314) - Echoing all SQL to stdout
 INFO [main] (SettingsFactory.java:323) - Statistics: disabled
 INFO [main] (SettingsFactory.java:327) - Deleted entity synthetic identifier rollback: disabled
 INFO [main] (SettingsFactory.java:343) - Default entity-mode: pojo
 INFO [main] (SettingsFactory.java:347) - Named query checking : enabled
 INFO [main] (SettingsFactory.java:351) - Check Nullability in Core (should be disabled when Bean Validation is on): disabled
 INFO [main] (SessionFactoryImpl.java:202) - building session factory
DEBUG [main] (SessionFactoryImpl.java:206) - Statistics initialized [enabled=false]}
DEBUG [main] (BasicTypeRegistry.java:147) - Adding type registration boolean -&gt; org.hibernate.type.BooleanType@3574cdb9
DEBUG [main] (BasicTypeRegistry.java:147) - Adding type registration boolean -&gt; org.hibernate.type.BooleanType@3574cdb9
DEBUG [main] (BasicTypeRegistry.java:147) - Adding type registration java.lang.Boolean -&gt; org.hibernate.type.BooleanType@3574cdb9
DEBUG [main] (BasicTypeRegistry.java:147) - Adding type registration numeric_boolean -&gt; org.hibernate.type.NumericBooleanType@300da525
DEBUG [main] (BasicTypeRegistry.java:147) - Adding type registration true_false -&gt; org.hibernate.type.TrueFalseType@5610e1a4
DEBUG [main] (BasicTypeRegistry.java:147) - Adding type registration yes_no -&gt; org.hibernate.type.YesNoType@3fa7e1a8
DEBUG [main] (BasicTypeRegistry.java:147) - Adding type registration byte -&gt; org.hibernate.type.ByteType@59db869
DEBUG [main] (BasicTypeRegistry.java:147) - Adding type registration byte -&gt; org.hibernate.type.ByteType@59db869
DEBUG [main] (BasicTypeRegistry.java:147) - Adding type registration java.lang.Byte -&gt; org.hibernate.type.ByteType@59db869
DEBUG [main] (BasicTypeRegistry.java:147) - Adding type registration character -&gt; org.hibernate.type.CharacterType@5d47522a
DEBUG [main] (BasicTypeRegistry.java:147) - Adding type registration char -&gt; org.hibernate.type.CharacterType@5d47522a
DEBUG [main] (BasicTypeRegistry.java:147) - Adding type registration java.lang.Character -&gt; org.hibernate.type.CharacterType@5d47522a
DEBUG [main] (BasicTypeRegistry.java:147) - Adding type registration short -&gt; org.hibernate.type.ShortType@6f01297c
DEBUG [main] (BasicTypeRegistry.java:147) - Adding type registration short -&gt; org.hibernate.type.ShortType@6f01297c
DEBUG [main] (BasicTypeRegistry.java:147) - Adding type registration java.lang.Short -&gt; org.hibernate.type.ShortType@6f01297c
DEBUG [main] (BasicTypeRegistry.java:147) - Adding type registration integer -&gt; org.hibernate.type.IntegerType@19a7b6e3
DEBUG [main] (BasicTypeRegistry.java:147) - Adding type registration int -&gt; org.hibernate.type.IntegerType@19a7b6e3
DEBUG [main] (BasicTypeRegistry.java:147) - Adding type registration java.lang.Integer -&gt; org.hibernate.type.IntegerType@19a7b6e3
DEBUG [main] (BasicTypeRegistry.java:147) - Adding type registration long -&gt; org.hibernate.type.LongType@4ff6b3d6
DEBUG [main] (BasicTypeRegistry.java:147) - Adding type registration long -&gt; org.hibernate.type.LongType@4ff6b3d6
DEBUG [main] (BasicTypeRegistry.java:147) - Adding type registration java.lang.Long -&gt; org.hibernate.type.LongType@4ff6b3d6
DEBUG [main] (BasicTypeRegistry.java:147) - Adding type registration float -&gt; org.hibernate.type.FloatType@5dba2b68
DEBUG [main] (BasicTypeRegistry.java:147) - Adding type registration float -&gt; org.hibernate.type.FloatType@5dba2b68
DEBUG [main] (BasicTypeRegistry.java:147) - Adding type registration java.lang.Float -&gt; org.hibernate.type.FloatType@5dba2b68
DEBUG [main] (BasicTypeRegistry.java:147) - Adding type registration double -&gt; org.hibernate.type.DoubleType@32a9f661
DEBUG [main] (BasicTypeRegistry.java:147) - Adding type registration double -&gt; org.hibernate.type.DoubleType@32a9f661
DEBUG [main] (BasicTypeRegistry.java:147) - Adding type registration java.lang.Double -&gt; org.hibernate.type.DoubleType@32a9f661
DEBUG [main] (BasicTypeRegistry.java:147) - Adding type registration big_decimal -&gt; org.hibernate.type.BigDecimalType@2ed7c530
DEBUG [main] (BasicTypeRegistry.java:147) - Adding type registration java.math.BigDecimal -&gt; org.hibernate.type.BigDecimalType@2ed7c530
DEBUG [main] (BasicTypeRegistry.java:147) - Adding type registration big_integer -&gt; org.hibernate.type.BigIntegerType@2aa3d067
DEBUG [main] (BasicTypeRegistry.java:147) - Adding type registration java.math.BigInteger -&gt; org.hibernate.type.BigIntegerType@2aa3d067
DEBUG [main] (BasicTypeRegistry.java:147) - Adding type registration string -&gt; org.hibernate.type.StringType@ee15b1f
DEBUG [main] (BasicTypeRegistry.java:147) - Adding type registration java.lang.String -&gt; org.hibernate.type.StringType@ee15b1f
DEBUG [main] (BasicTypeRegistry.java:147) - Adding type registration url -&gt; org.hibernate.type.UrlType@291e5d65
DEBUG [main] (BasicTypeRegistry.java:147) - Adding type registration java.net.URL -&gt; org.hibernate.type.UrlType@291e5d65
DEBUG [main] (BasicTypeRegistry.java:147) - Adding type registration date -&gt; org.hibernate.type.DateType@3668a622
DEBUG [main] (BasicTypeRegistry.java:147) - Adding type registration java.sql.Date -&gt; org.hibernate.type.DateType@3668a622
DEBUG [main] (BasicTypeRegistry.java:147) - Adding type registration time -&gt; org.hibernate.type.TimeType@73088f28
DEBUG [main] (BasicTypeRegistry.java:147) - Adding type registration java.sql.Time -&gt; org.hibernate.type.TimeType@73088f28
DEBUG [main] (BasicTypeRegistry.java:147) - Adding type registration timestamp -&gt; org.hibernate.type.TimestampType@b297f91
DEBUG [main] (BasicTypeRegistry.java:147) - Adding type registration java.sql.Timestamp -&gt; org.hibernate.type.TimestampType@b297f91
DEBUG [main] (BasicTypeRegistry.java:147) - Adding type registration java.util.Date -&gt; org.hibernate.type.TimestampType@b297f91
DEBUG [main] (BasicTypeRegistry.java:147) - Adding type registration dbtimestamp -&gt; org.hibernate.type.DbTimestampType@47c0db6a
DEBUG [main] (BasicTypeRegistry.java:147) - Adding type registration calendar -&gt; org.hibernate.type.CalendarType@7f933ed1
DEBUG [main] (BasicTypeRegistry.java:147) - Adding type registration java.util.Calendar -&gt; org.hibernate.type.CalendarType@7f933ed1
DEBUG [main] (BasicTypeRegistry.java:147) - Adding type registration java.util.GregorianCalendar -&gt; org.hibernate.type.CalendarType@7f933ed1
DEBUG [main] (BasicTypeRegistry.java:147) - Adding type registration calendar_date -&gt; org.hibernate.type.CalendarDateType@772a5f68
DEBUG [main] (BasicTypeRegistry.java:147) - Adding type registration locale -&gt; org.hibernate.type.LocaleType@27edbfa6
DEBUG [main] (BasicTypeRegistry.java:147) - Adding type registration java.util.Locale -&gt; org.hibernate.type.LocaleType@27edbfa6
DEBUG [main] (BasicTypeRegistry.java:147) - Adding type registration currency -&gt; org.hibernate.type.CurrencyType@5cc66a3b
DEBUG [main] (BasicTypeRegistry.java:147) - Adding type registration java.util.Currency -&gt; org.hibernate.type.CurrencyType@5cc66a3b
DEBUG [main] (BasicTypeRegistry.java:147) - Adding type registration timezone -&gt; org.hibernate.type.TimeZoneType@2594aeed
DEBUG [main] (BasicTypeRegistry.java:147) - Adding type registration java.util.TimeZone -&gt; org.hibernate.type.TimeZoneType@2594aeed
DEBUG [main] (BasicTypeRegistry.java:147) - Adding type registration class -&gt; org.hibernate.type.ClassType@70dfda8f
DEBUG [main] (BasicTypeRegistry.java:147) - Adding type registration java.lang.Class -&gt; org.hibernate.type.ClassType@70dfda8f
DEBUG [main] (BasicTypeRegistry.java:147) - Adding type registration uuid-binary -&gt; org.hibernate.type.UUIDBinaryType@41ce60dc
DEBUG [main] (BasicTypeRegistry.java:147) - Adding type registration java.util.UUID -&gt; org.hibernate.type.UUIDBinaryType@41ce60dc
DEBUG [main] (BasicTypeRegistry.java:147) - Adding type registration uuid-char -&gt; org.hibernate.type.UUIDCharType@22536cc0
DEBUG [main] (BasicTypeRegistry.java:147) - Adding type registration pg-uuid -&gt; org.hibernate.type.PostgresUUIDType@dde0e41
DEBUG [main] (BasicTypeRegistry.java:147) - Adding type registration binary -&gt; org.hibernate.type.BinaryType@22722a97
DEBUG [main] (BasicTypeRegistry.java:147) - Adding type registration byte[] -&gt; org.hibernate.type.BinaryType@22722a97
DEBUG [main] (BasicTypeRegistry.java:147) - Adding type registration [B -&gt; org.hibernate.type.BinaryType@22722a97
DEBUG [main] (BasicTypeRegistry.java:147) - Adding type registration wrapper-binary -&gt; org.hibernate.type.WrapperBinaryType@29f7831
DEBUG [main] (BasicTypeRegistry.java:147) - Adding type registration Byte[] -&gt; org.hibernate.type.WrapperBinaryType@29f7831
DEBUG [main] (BasicTypeRegistry.java:147) - Adding type registration [Ljava.lang.Byte; -&gt; org.hibernate.type.WrapperBinaryType@29f7831
DEBUG [main] (BasicTypeRegistry.java:147) - Adding type registration image -&gt; org.hibernate.type.ImageType@355d3d12
DEBUG [main] (BasicTypeRegistry.java:147) - Adding type registration characters -&gt; org.hibernate.type.CharArrayType@55d3cae2
DEBUG [main] (BasicTypeRegistry.java:147) - Adding type registration char[] -&gt; org.hibernate.type.CharArrayType@55d3cae2
DEBUG [main] (BasicTypeRegistry.java:147) - Adding type registration [C -&gt; org.hibernate.type.CharArrayType@55d3cae2
DEBUG [main] (BasicTypeRegistry.java:147) - Adding type registration wrapper-characters -&gt; org.hibernate.type.CharacterArrayType@7c9df87d
DEBUG [main] (BasicTypeRegistry.java:147) - Adding type registration [Ljava.lang.Character; -&gt; org.hibernate.type.CharacterArrayType@7c9df87d
DEBUG [main] (BasicTypeRegistry.java:147) - Adding type registration Character[] -&gt; org.hibernate.type.CharacterArrayType@7c9df87d
DEBUG [main] (BasicTypeRegistry.java:147) - Adding type registration text -&gt; org.hibernate.type.TextType@30d31cf9
DEBUG [main] (BasicTypeRegistry.java:147) - Adding type registration blob -&gt; org.hibernate.type.BlobType@6036c24b
DEBUG [main] (BasicTypeRegistry.java:147) - Adding type registration java.sql.Blob -&gt; org.hibernate.type.BlobType@6036c24b
DEBUG [main] (BasicTypeRegistry.java:147) - Adding type registration materialized_blob -&gt; org.hibernate.type.MaterializedBlobType@7a7bce95
DEBUG [main] (BasicTypeRegistry.java:147) - Adding type registration wrapper_materialized_blob -&gt; org.hibernate.type.WrappedMaterializedBlobType@5367839e
DEBUG [main] (BasicTypeRegistry.java:147) - Adding type registration clob -&gt; org.hibernate.type.ClobType@1c50c5b8
DEBUG [main] (BasicTypeRegistry.java:147) - Adding type registration java.sql.Clob -&gt; org.hibernate.type.ClobType@1c50c5b8
DEBUG [main] (BasicTypeRegistry.java:147) - Adding type registration materialized_clob -&gt; org.hibernate.type.MaterializedClobType@13b9b89a
DEBUG [main] (BasicTypeRegistry.java:147) - Adding type registration wrapper_characters_clob -&gt; org.hibernate.type.CharacterArrayClobType@4613d832
DEBUG [main] (BasicTypeRegistry.java:147) - Adding type registration characters_clob -&gt; org.hibernate.type.PrimitiveCharacterArrayClobType@2ef33be4
DEBUG [main] (BasicTypeRegistry.java:147) - Adding type registration serializable -&gt; org.hibernate.type.SerializableType@48f98163
DEBUG [main] (BasicTypeRegistry.java:147) - Adding type registration object -&gt; org.hibernate.type.ObjectType@15fec1d
DEBUG [main] (BasicTypeRegistry.java:147) - Adding type registration java.lang.Object -&gt; org.hibernate.type.ObjectType@15fec1d
DEBUG [main] (BasicTypeRegistry.java:147) - Adding type registration imm_date -&gt; org.hibernate.type.AdaptedImmutableType@53287296
DEBUG [main] (BasicTypeRegistry.java:147) - Adding type registration imm_time -&gt; org.hibernate.type.AdaptedImmutableType@275e1773
DEBUG [main] (BasicTypeRegistry.java:147) - Adding type registration imm_timestamp -&gt; org.hibernate.type.AdaptedImmutableType@3033c7a1
DEBUG [main] (BasicTypeRegistry.java:147) - Adding type registration imm_dbtimestamp -&gt; org.hibernate.type.AdaptedImmutableType@12e68e49
DEBUG [main] (BasicTypeRegistry.java:147) - Adding type registration imm_calendar -&gt; org.hibernate.type.AdaptedImmutableType@acaf0ac
DEBUG [main] (BasicTypeRegistry.java:147) - Adding type registration imm_calendar_date -&gt; org.hibernate.type.AdaptedImmutableType@14c6f844
DEBUG [main] (BasicTypeRegistry.java:147) - Adding type registration imm_binary -&gt; org.hibernate.type.AdaptedImmutableType@6f22c544
DEBUG [main] (BasicTypeRegistry.java:147) - Adding type registration imm_serializable -&gt; org.hibernate.type.AdaptedImmutableType@35e376fb
DEBUG [main] (BasicTypeRegistry.java:147) - Adding type registration wrapper_characters_clob -&gt; org.hibernate.type.CharacterArrayClobType@7c491585
 INFO [main] (BasicTypeRegistry.java:150) - Type registration [wrapper_characters_clob] overrides previous : org.hibernate.type.CharacterArrayClobType@4613d832
DEBUG [main] (BasicTypeRegistry.java:147) - Adding type registration clob -&gt; org.hibernate.type.ClobType@6ea80fb1
 INFO [main] (BasicTypeRegistry.java:150) - Type registration [clob] overrides previous : org.hibernate.type.ClobType@1c50c5b8
DEBUG [main] (BasicTypeRegistry.java:147) - Adding type registration java.sql.Clob -&gt; org.hibernate.type.ClobType@6ea80fb1
 INFO [main] (BasicTypeRegistry.java:150) - Type registration [java.sql.Clob] overrides previous : org.hibernate.type.ClobType@1c50c5b8
DEBUG [main] (BasicTypeRegistry.java:147) - Adding type registration characters_clob -&gt; org.hibernate.type.PrimitiveCharacterArrayClobType@22240e82
 INFO [main] (BasicTypeRegistry.java:150) - Type registration [characters_clob] overrides previous : org.hibernate.type.PrimitiveCharacterArrayClobType@2ef33be4
DEBUG [main] (BasicTypeRegistry.java:147) - Adding type registration materialized_clob -&gt; org.hibernate.type.MaterializedClobType@5b9e6638
 INFO [main] (BasicTypeRegistry.java:150) - Type registration [materialized_clob] overrides previous : org.hibernate.type.MaterializedClobType@13b9b89a
DEBUG [main] (BasicTypeRegistry.java:147) - Adding type registration wrapper_materialized_blob -&gt; org.hibernate.type.WrappedMaterializedBlobType@4a814c0d
 INFO [main] (BasicTypeRegistry.java:150) - Type registration [wrapper_materialized_blob] overrides previous : org.hibernate.type.WrappedMaterializedBlobType@5367839e
DEBUG [main] (BasicTypeRegistry.java:147) - Adding type registration blob -&gt; org.hibernate.type.BlobType@1b3a49f2
 INFO [main] (BasicTypeRegistry.java:150) - Type registration [blob] overrides previous : org.hibernate.type.BlobType@6036c24b
DEBUG [main] (BasicTypeRegistry.java:147) - Adding type registration java.sql.Blob -&gt; org.hibernate.type.BlobType@1b3a49f2
 INFO [main] (BasicTypeRegistry.java:150) - Type registration [java.sql.Blob] overrides previous : org.hibernate.type.BlobType@6036c24b
DEBUG [main] (BasicTypeRegistry.java:147) - Adding type registration materialized_blob -&gt; org.hibernate.type.MaterializedBlobType@fccbcd5
 INFO [main] (BasicTypeRegistry.java:150) - Type registration [materialized_blob] overrides previous : org.hibernate.type.MaterializedBlobType@7a7bce95
DEBUG [main] (SessionFactoryImpl.java:228) - Session factory constructed with filter configurations : {}
DEBUG [main] (SessionFactoryImpl.java:232) - instantiating session factory with properties: {java.vendor=Oracle Corporation, localRepository=C:\Users\Dimon\.m2\repository, sun.java.launcher=SUN_STANDARD, sun.management.compiler=HotSpot 64-Bit Tiered Compilers, hibernate.connection.characterEncoding=UTF-8, hibernate.connection.charset=UTF-8, os.name=Windows 7, sun.boot.class.path=C:\Program Files\Java\jdk1.7.0_25\jre\lib\resources.jar;C:\Program Files\Java\jdk1.7.0_25\jre\lib\rt.jar;C:\Program Files\Java\jdk1.7.0_25\jre\lib\sunrsasign.jar;C:\Program Files\Java\jdk1.7.0_25\jre\lib\jsse.jar;C:\Program Files\Java\jdk1.7.0_25\jre\lib\jce.jar;C:\Program Files\Java\jdk1.7.0_25\jre\lib\charsets.jar;C:\Program Files\Java\jdk1.7.0_25\jre\lib\jfr.jar;C:\Program Files\Java\jdk1.7.0_25\jre\classes, user.country.format=UA, hibernate.current_session_context_class=org.springframework.orm.hibernate3.SpringSessionContext, sun.desktop=windows, hibernate.c3p0.max_size=8, java.vm.specification.vendor=Oracle Corporation, java.runtime.version=1.7.0_25-b16, hibernate.c3p0.min_size=5, user.name=Dimon, user.language.format=uk, hibernate.c3p0.timeout=300, user.language=ru, sun.boot.library.path=C:\Program Files\Java\jdk1.7.0_25\jre\bin, java.version=1.7.0_25, user.timezone=Europe/Helsinki, sun.arch.data.model=64, java.endorsed.dirs=C:\Program Files\Java\jdk1.7.0_25\jre\lib\endorsed, sun.cpu.isalist=amd64, sun.jnu.encoding=Cp1251, file.encoding.pkg=sun.io, file.separator=\, java.specification.name=Java Platform API Specification, hibernate.format_sql=true, java.class.version=51.0, user.country=RU, java.home=C:\Program Files\Java\jdk1.7.0_25\jre, java.vm.info=mixed mode, os.version=6.1, hibernate.transaction.factory_class=org.springframework.orm.hibernate3.SpringTransactionFactory, surefire.real.class.path=G:\Java_Project\AdProducer\target\surefire\surefirebooter2369944838140564803.jar, path.separator=;, java.vm.version=23.25-b01, user.variant=, maven.ext.class.path=C:\Program Files\NetBeans 8.0.1\java\maven-nblib\netbeans-eventspy.jar, java.awt.printerjob=sun.awt.windows.WPrinterJob, hibernate.order_updates=true, sun.io.unicode.encoding=UnicodeLittle, awt.toolkit=sun.awt.windows.WToolkit, hibernate.c3po.acquire_increment=1, user.script=, hibernate.check_nullability=false, user.home=C:\Users\Dimon, java.specification.vendor=Oracle Corporation, test=com.ad.producer.monitoring.MonitoringPerformanceTest, hibernate.hbm2ddl.auto=update, java.library.path=C:\Program Files\Java\jdk1.7.0_25\jre\bin;C:\Windows\Sun\Java\bin;C:\Windows\system32;C:\Windows;C:\ProgramData\Oracle\Java\javapath;C:\Windows\system32;C:\Windows;C:\Windows\System32\Wbem;C:\Windows\System32\WindowsPowerShell\v1.0\;c:\Program Files (x86)\Microsoft SQL Server\90\Tools\binn\;C:\Program Files (x86)\Common Files\Adobe\AGL;C:\Program Files (x86)\scala\bin;C:\Program Files\Broadcom\Broadcom 802.11\Driver;C:\Program Files (x86)\Skype\Phone\;C:\opscode\chef\bin;C:\opscode\chef\embedded\bin;C:\HashiCorp\Vagrant\bin;C:\Program Files\NetBeans 8.0.1\java\maven\bin;K:\TortoiseSvn\bin;K:\Subversion\bin;
[...]
DEBUG [main] (AbstractAutowireCapableBeanFactory.java:506) - Eagerly caching bean &apos;org.springframework.transaction.annotation.AnnotationTransactionAttributeSource#0&apos; to allow for resolving potential circular references
DEBUG [main] (BeanFactoryAdvisorRetrievalHelper.java:87) - Skipping currently created advisor &apos;org.springframework.transaction.config.internalTransactionAdvisor&apos;
DEBUG [main] (AbstractAutowireCapableBeanFactory.java:460) - Finished creating instance of bean &apos;org.springframework.transaction.annotation.AnnotationTransactionAttributeSource#0&apos;
DEBUG [main] (AbstractAutowireCapableBeanFactory.java:460) - Finished creating instance of bean &apos;org.springframework.transaction.config.internalTransactionAdvisor&apos;
DEBUG [main] (AbstractAutowireCapableBeanFactory.java:1555) - Invoking afterPropertiesSet() on bean with name &apos;hibernateTemplate&apos;
DEBUG [main] (AbstractBeanFactory.java:246) - Returning cached instance of singleton bean &apos;org.springframework.transaction.config.internalTransactionAdvisor&apos;
DEBUG [main] (AbstractAutowireCapableBeanFactory.java:460) - Finished creating instance of bean &apos;hibernateTemplate&apos;
DEBUG [main] (AutowiredAnnotationBeanPostProcessor.java:436) - Autowiring by type from bean name &apos;creativesDAOImpl&apos; to bean named &apos;hibernateTemplate&apos;
DEBUG [main] (AbstractBeanFactory.java:246) - Returning cached instance of singleton bean &apos;org.springframework.transaction.config.internalTransactionAdvisor&apos;
DEBUG [main] (JdkDynamicAopProxy.java:115) - Creating JDK dynamic proxy: target source is SingletonTargetSource for target object [com.ad.producer.dao.impl.CreativesDAOImpl@eeb0450]
DEBUG [main] (AbstractAutowireCapableBeanFactory.java:460) - Finished creating instance of bean &apos;creativesDAOImpl&apos;
DEBUG [main] (DefaultSingletonBeanRegistry.java:215) - Creating shared instance of singleton bean &apos;creativesService&apos;
DEBUG [main] (AbstractAutowireCapableBeanFactory.java:432) - Creating instance of bean &apos;creativesService&apos;
DEBUG [main] (InjectionMetadata.java:71) - Registered injected element on class [com.ad.producer.service.CreativesService]: AutowiredFieldElement for private com.ad.producer.dao.CreativesDAO com.ad.producer.service.CreativesService.creativesDAO
DEBUG [main] (InjectionMetadata.java:71) - Registered injected element on class [com.ad.producer.service.CreativesService]: AutowiredFieldElement for public com.ad.producer.configuration.Configuration com.ad.producer.service.CreativesService.conf
DEBUG [main] (InjectionMetadata.java:71) - Registered injected element on class [com.ad.producer.service.CreativesService]: AutowiredFieldElement for private org.springframework.cache.ehcache.EhCacheCacheManager com.ad.producer.service.CreativesService.cacheManager
DEBUG [main] (AbstractAutowireCapableBeanFactory.java:506) - Eagerly caching bean &apos;creativesService&apos; to allow for resolving potential circular references
DEBUG [main] (InjectionMetadata.java:85) - Processing injected method of bean &apos;creativesService&apos;: AutowiredFieldElement for private com.ad.producer.dao.CreativesDAO com.ad.producer.service.CreativesService.creativesDAO
DEBUG [main] (AbstractBeanFactory.java:246) - Returning cached instance of singleton bean &apos;creativesDAOImpl&apos;
DEBUG [main] (DefaultSingletonBeanRegistry.java:215) - Creating shared instance of singleton bean &apos;creativesDAO&apos;
DEBUG [main] (AbstractAutowireCapableBeanFactory.java:432) - Creating instance of bean &apos;creativesDAO&apos;
DEBUG [main] (InjectionMetadata.java:71) - Registered injected element on class [com.ad.producer.dao.impl.CreativesDAOImpl]: AutowiredFieldElement for private org.springframework.orm.hibernate3.HibernateTemplate com.ad.producer.dao.impl.CreativesDAOImpl.hibernateTemplate
DEBUG [main] (AbstractAutowireCapableBeanFactory.java:506) - Eagerly caching bean &apos;creativesDAO&apos; to allow for resolving potential circular references
DEBUG [main] (InjectionMetadata.java:85) - Processing injected method of bean &apos;creativesDAO&apos;: AutowiredFieldElement for private org.springframework.orm.hibernate3.HibernateTemplate com.ad.producer.dao.impl.CreativesDAOImpl.hibernateTemplate
DEBUG [main] (AbstractBeanFactory.java:246) - Returning cached instance of singleton bean &apos;hibernateTemplate&apos;
DEBUG [main] (AutowiredAnnotationBeanPostProcessor.java:436) - Autowiring by type from bean name &apos;creativesDAO&apos; to bean named &apos;hibernateTemplate&apos;
DEBUG [main] (AbstractBeanFactory.java:246) - Returning cached instance of singleton bean &apos;org.springframework.transaction.config.internalTransactionAdvisor&apos;
DEBUG [main] (JdkDynamicAopProxy.java:115) - Creating JDK dynamic proxy: target source is SingletonTargetSource for target object [com.ad.producer.dao.impl.CreativesDAOImpl@71268d7e]
DEBUG [main] (AbstractAutowireCapableBeanFactory.java:460) - Finished creating instance of bean &apos;creativesDAO&apos;
DEBUG [main] (AutowiredAnnotationBeanPostProcessor.java:436) - Autowiring by type from bean name &apos;creativesService&apos; to bean named &apos;creativesDAO&apos;
DEBUG [main] (InjectionMetadata.java:85) - Processing injected method of bean &apos;creativesService&apos;: AutowiredFieldElement for public com.ad.producer.configuration.Configuration com.ad.producer.service.CreativesService.conf
DEBUG [main] (DefaultSingletonBeanRegistry.java:215) - Creating shared instance of singleton bean &apos;configuration&apos;
DEBUG [main] (AbstractAutowireCapableBeanFactory.java:432) - Creating instance of bean &apos;configuration&apos;
DEBUG [main] (AbstractAutowireCapableBeanFactory.java:506) - Eagerly caching bean &apos;configuration&apos; to allow for resolving potential circular references
DEBUG [main] (AbstractBeanFactory.java:246) - Returning cached instance of singleton bean &apos;org.springframework.transaction.config.internalTransactionAdvisor&apos;
DEBUG [main] (AbstractAutowireCapableBeanFactory.java:460) - Finished creating instance of bean &apos;configuration&apos;
DEBUG [main] (AutowiredAnnotationBeanPostProcessor.java:436) - Autowiring by type from bean name &apos;creativesService&apos; to bean named &apos;configuration&apos;
DEBUG [main] (InjectionMetadata.java:85) - Processing injected method of bean &apos;creativesService&apos;: AutowiredFieldElement for private org.springframework.cache.ehcache.EhCacheCacheManager com.ad.producer.service.CreativesService.cacheManager
DEBUG [main] (DefaultSingletonBeanRegistry.java:215) - Creating shared instance of singleton bean &apos;cacheManager&apos;
DEBUG [main] (AbstractAutowireCapableBeanFactory.java:432) - Creating instance of bean &apos;cacheManager&apos;
DEBUG [main] (AbstractAutowireCapableBeanFactory.java:506) - Eagerly caching bean &apos;cacheManager&apos; to allow for resolving potential circular references
DEBUG [main] (DefaultSingletonBeanRegistry.java:215) - Creating shared instance of singleton bean &apos;ehcache&apos;
DEBUG [main] (AbstractAutowireCapableBeanFactory.java:432) - Creating instance of bean &apos;ehcache&apos;
DEBUG [main] (AbstractAutowireCapableBeanFactory.java:506) - Eagerly caching bean &apos;ehcache&apos; to allow for resolving potential circular references
DEBUG [main] (AbstractAutowireCapableBeanFactory.java:1555) - Invoking afterPropertiesSet() on bean with name &apos;ehcache&apos;
 INFO [main] (EhCacheManagerFactoryBean.java:110) - Initializing EhCache CacheManager
DEBUG [main] (CacheManager.java:1011) - Attempting to create an existing singleton. Existing singleton returned.
DEBUG [main] (AbstractBeanFactory.java:246) - Returning cached instance of singleton bean &apos;org.springframework.transaction.config.internalTransactionAdvisor&apos;
DEBUG [main] (AbstractAutowireCapableBeanFactory.java:460) - Finished creating instance of bean &apos;ehcache&apos;
DEBUG [main] (AbstractBeanFactory.java:246) - Returning cached instance of singleton bean &apos;org.springframework.transaction.config.internalTransactionAdvisor&apos;
DEBUG [main] (AbstractAutowireCapableBeanFactory.java:1555) - Invoking afterPropertiesSet() on bean with name &apos;cacheManager&apos;
DEBUG [main] (AbstractBeanFactory.java:246) - Returning cached instance of singleton bean &apos;org.springframework.transaction.config.internalTransactionAdvisor&apos;
DEBUG [main] (AbstractAutowireCapableBeanFactory.java:460) - Finished creating instance of bean &apos;cacheManager&apos;
DEBUG [main] (AutowiredAnnotationBeanPostProcessor.java:436) - Autowiring by type from bean name &apos;creativesService&apos; to bean named &apos;cacheManager&apos;
DEBUG [main] (AbstractBeanFactory.java:246) - Returning cached instance of singleton bean &apos;org.springframework.transaction.config.internalTransactionAdvisor&apos;
DEBUG [main] (AbstractFallbackTransactionAttributeSource.java:107) - Adding transactional method &apos;CreativesService.add&apos; with attribute: PROPAGATION_REQUIRED,ISOLATION_DEFAULT; &apos;&apos;
DEBUG [main] (AbstractAutoProxyCreator.java:538) - Creating implicit proxy for bean &apos;creativesService&apos; with 0 common interceptors and 1 specific interceptors
DEBUG [main] (CglibAopProxy.java:155) - Creating CGLIB proxy: target source is SingletonTargetSource for target object [com.ad.producer.service.CreativesService@75eba802]
DEBUG [main] (DefaultSingletonBeanRegistry.java:215) - Creating shared instance of singleton bean &apos;org.springframework.transaction.interceptor.TransactionInterceptor#0&apos;
DEBUG [main] (AbstractAutowireCapableBeanFactory.java:432) - Creating instance of bean &apos;org.springframework.transaction.interceptor.TransactionInterceptor#0&apos;
DEBUG [main] (AbstractAutowireCapableBeanFactory.java:506) - Eagerly caching bean &apos;org.springframework.transaction.interceptor.TransactionInterceptor#0&apos; to allow for resolving potential circular references
DEBUG [main] (AbstractBeanFactory.java:246) - Returning cached instance of singleton bean &apos;org.springframework.transaction.annotation.AnnotationTransactionAttributeSource#0&apos;
DEBUG [main] (AbstractAutowireCapableBeanFactory.java:1555) - Invoking afterPropertiesSet() on bean with name &apos;org.springframework.transaction.interceptor.TransactionInterceptor#0&apos;
DEBUG [main] (AbstractAutowireCapableBeanFactory.java:460) - Finished creating instance of bean &apos;org.springframework.transaction.interceptor.TransactionInterceptor#0&apos;
DEBUG [main] (AbstractAutowireCapableBeanFactory.java:460) - Finished creating instance of bean &apos;creativesService&apos;
DEBUG [main] (DefaultSingletonBeanRegistry.java:215) - Creating shared instance of singleton bean &apos;creativesServiceForTest&apos;
DEBUG [main] (AbstractAutowireCapableBeanFactory.java:432) - Creating instance of bean &apos;creativesServiceForTest&apos;
DEBUG [main] (InjectionMetadata.java:71) - Registered injected element on class [com.ad.producer.service.CreativesServiceForTest]: AutowiredFieldElement for private com.ad.producer.dao.CreativesDAO com.ad.producer.service.CreativesServiceForTest.creativesDAO
DEBUG [main] (AbstractAutowireCapableBeanFactory.java:506) - Eagerly caching bean &apos;creativesServiceForTest&apos; to allow for resolving potential circular references
DEBUG [main] (InjectionMetadata.java:85) - Processing injected method of bean &apos;creativesServiceForTest&apos;: AutowiredFieldElement for private com.ad.producer.dao.CreativesDAO com.ad.producer.service.CreativesServiceForTest.creativesDAO
DEBUG [main] (AbstractBeanFactory.java:246) - Returning cached instance of singleton bean &apos;creativesDAOImpl&apos;
DEBUG [main] (AbstractBeanFactory.java:246) - Returning cached instance of singleton bean &apos;creativesDAO&apos;
DEBUG [main] (AutowiredAnnotationBeanPostProcessor.java:436) - Autowiring by type from bean name &apos;creativesServiceForTest&apos; to bean named &apos;creativesDAO&apos;
DEBUG [main] (AbstractBeanFactory.java:246) - Returning cached instance of singleton bean &apos;org.springframework.transaction.config.internalTransactionAdvisor&apos;
DEBUG [main] (AbstractFallbackTransactionAttributeSource.java:107) - Adding transactional method &apos;CreativesServiceForTest.add&apos; with attribute: PROPAGATION_REQUIRED,ISOLATION_DEFAULT; &apos;&apos;
DEBUG [main] (AbstractAutoProxyCreator.java:538) - Creating implicit proxy for bean &apos;creativesServiceForTest&apos; with 0 common interceptors and 1 specific interceptors
DEBUG [main] (CglibAopProxy.java:155) - Creating CGLIB proxy: target source is SingletonTargetSource for target object [com.ad.producer.service.CreativesServiceForTest@2d398224]
DEBUG [main] (AbstractAutowireCapableBeanFactory.java:460) - Finished creating instance of bean &apos;creativesServiceForTest&apos;
DEBUG [main] (DefaultSingletonBeanRegistry.java:215) - Creating shared instance of singleton bean &apos;advListController&apos;
DEBUG [main] (AbstractAutowireCapableBeanFactory.java:432) - Creating instance of bean &apos;advListController&apos;
DEBUG [main] (InjectionMetadata.java:71) - Registered injected element on class [com.ad.producer.controller.AdvListController]: AutowiredFieldElement for private com.ad.producer.service.CreativesService com.ad.producer.controller.AdvListController.service
DEBUG [main] (AbstractAutowireCapableBeanFactory.java:506) - Eagerly caching bean &apos;advListController&apos; to allow for resolving potential circular references
DEBUG [main] (InjectionMetadata.java:85) - Processing injected method of bean &apos;advListController&apos;: AutowiredFieldElement for private com.ad.producer.service.CreativesService com.ad.producer.controller.AdvListController.service
DEBUG [main] (AbstractBeanFactory.java:246) - Returning cached instance of singleton bean &apos;creativesService&apos;
DEBUG [main] (AutowiredAnnotationBeanPostProcessor.java:436) - Autowiring by type from bean name &apos;advListController&apos; to bean named &apos;creativesService&apos;
DEBUG [main] (AbstractBeanFactory.java:246) - Returning cached instance of singleton bean &apos;org.springframework.transaction.config.internalTransactionAdvisor&apos;
DEBUG [main] (AbstractAutowireCapableBeanFactory.java:460) - Finished creating instance of bean &apos;advListController&apos;
DEBUG [main] (AbstractBeanFactory.java:246) - Returning cached instance of singleton bean &apos;configProperties&apos;
DEBUG [main] (DefaultSingletonBeanRegistry.java:215) - Creating shared instance of singleton bean &apos;webServer&apos;
DEBUG [main] (AbstractAutowireCapableBeanFactory.java:432) - Creating instance of bean &apos;webServer&apos;
DEBUG [main] (AbstractBeanFactory.java:246) - Returning cached instance of singleton bean &apos;configuration&apos;
DEBUG [main] (AbstractAutowireCapableBeanFactory.java:506) - Eagerly caching bean &apos;webServer&apos; to allow for resolving potential circular references
DEBUG [main] (AbstractBeanFactory.java:246) - Returning cached instance of singleton bean &apos;org.springframework.transaction.config.internalTransactionAdvisor&apos;
DEBUG [main] (AbstractAutowireCapableBeanFactory.java:460) - Finished creating instance of bean &apos;webServer&apos;
DEBUG [main] (AbstractBeanFactory.java:246) - Returning cached instance of singleton bean &apos;configuration&apos;
DEBUG [main] (AbstractBeanFactory.java:246) - Returning cached instance of singleton bean &apos;creativesDAO&apos;
DEBUG [main] (AbstractBeanFactory.java:246) - Returning cached instance of singleton bean &apos;cacheManager&apos;
DEBUG [main] (AbstractBeanFactory.java:246) - Returning cached instance of singleton bean &apos;ehcache&apos;
DEBUG [main] (AbstractBeanFactory.java:246) - Returning cached instance of singleton bean &apos;dataSource&apos;
DEBUG [main] (AbstractBeanFactory.java:246) - Returning cached instance of singleton bean &apos;sessionFactory&apos;
DEBUG [main] (AbstractBeanFactory.java:246) - Returning cached instance of singleton bean &apos;org.springframework.aop.config.internalAutoProxyCreator&apos;
DEBUG [main] (AbstractBeanFactory.java:246) - Returning cached instance of singleton bean &apos;org.springframework.transaction.annotation.AnnotationTransactionAttributeSource#0&apos;
DEBUG [main] (AbstractBeanFactory.java:246) - Returning cached instance of singleton bean &apos;org.springframework.transaction.interceptor.TransactionInterceptor#0&apos;
DEBUG [main] (AbstractBeanFactory.java:246) - Returning cached instance of singleton bean &apos;org.springframework.transaction.config.internalTransactionAdvisor&apos;
DEBUG [main] (DefaultSingletonBeanRegistry.java:215) - Creating shared instance of singleton bean &apos;transactionManager&apos;
DEBUG [main] (AbstractAutowireCapableBeanFactory.java:432) - Creating instance of bean &apos;transactionManager&apos;
DEBUG [main] (AbstractAutowireCapableBeanFactory.java:506) - Eagerly caching bean &apos;transactionManager&apos; to allow for resolving potential circular references
DEBUG [main] (AbstractBeanFactory.java:246) - Returning cached instance of singleton bean &apos;sessionFactory&apos;
DEBUG [main] (AbstractAutowireCapableBeanFactory.java:1555) - Invoking afterPropertiesSet() on bean with name &apos;transactionManager&apos;
 INFO [main] (HibernateTransactionManager.java:416) - Using DataSource [org.springframework.jdbc.datasource.DriverManagerDataSource@381afd92] of Hibernate SessionFactory for HibernateTransactionManager
DEBUG [main] (AbstractBeanFactory.java:246) - Returning cached instance of singleton bean &apos;org.springframework.transaction.config.internalTransactionAdvisor&apos;
DEBUG [main] (AbstractAutowireCapableBeanFactory.java:460) - Finished creating instance of bean &apos;transactionManager&apos;
DEBUG [main] (AbstractBeanFactory.java:246) - Returning cached instance of singleton bean &apos;hibernateTemplate&apos;
DEBUG [main] (AbstractBeanFactory.java:246) - Returning cached instance of singleton bean &apos;org.springframework.beans.factory.config.CustomScopeConfigurer#0&apos;
DEBUG [main] (AbstractBeanFactory.java:246) - Returning cached instance of singleton bean &apos;org.springframework.context.annotation.ConfigurationClassPostProcessor.importAwareProcessor&apos;
DEBUG [main] (AbstractApplicationContext.java:858) - Unable to locate LifecycleProcessor with name &apos;lifecycleProcessor&apos;: using default [org.springframework.context.support.DefaultLifecycleProcessor@31eaa2bd]
DEBUG [main] (AbstractBeanFactory.java:246) - Returning cached instance of singleton bean &apos;lifecycleProcessor&apos;
DEBUG [main] (PropertySourcesPropertyResolver.java:81) - Searching for key &apos;spring.liveBeansView.mbeanDomain&apos; in [systemProperties]
DEBUG [main] (PropertySourcesPropertyResolver.java:81) - Searching for key &apos;spring.liveBeansView.mbeanDomain&apos; in [systemEnvironment]
DEBUG [main] (PropertySourcesPropertyResolver.java:103) - Could not find key &apos;spring.liveBeansView.mbeanDomain&apos; in any property source. Returning [null]
DEBUG [main] (DirtiesContextTestExecutionListener.java:107) - After test method: context [[TestContext@6c7d84ce testClass = MonitoringPerformanceTest, testInstance = com.ad.producer.monitoring.MonitoringPerformanceTest@249a2807, testMethod = performanceAdvListMethodTest@MonitoringPerformanceTest, testException = javax.ws.rs.ProcessingException: Failed to start Grizzly HTTP server: Address already in use: bind, mergedContextConfiguration = [MergedContextConfiguration@4b9f657 testClass = MonitoringPerformanceTest, locations = &apos;{classpath:applicationContextTest.xml}&apos;, classes = &apos;{}&apos;, contextInitializerClasses = &apos;[]&apos;, activeProfiles = &apos;{}&apos;, contextLoader = &apos;org.springframework.test.context.support.DelegatingSmartContextLoader&apos;, parent = [null]]]], class dirties context [false], class mode [null], method dirties context [false].
</system-out>
  </testcase>
</testsuite>